<?xml version="1.0" encoding="UTF-8"?>
<robot generator="Robot 6.0.2 (Python 3.9.16 on win32)" generated="20230425 21:56:06.770" rpa="false" schemaversion="3">
<suite id="s1" name="Register-Student" source="C:\Users\Watch\Desktop\Sec1_Group5_Schoolar\client\test\register-student.robot">
<test id="s1-t1" name="TC1-2" line="69">
<kw name="Open registration page" library="commonKeywords">
<kw name="Open Browser" library="SeleniumLibrary">
<arg>${WEB_URL}</arg>
<arg>${WEB_BROWSER}</arg>
<doc>Opens a new browser instance to the optional ``url``.</doc>
<msg timestamp="20230425 21:56:07.246" level="INFO">Opening browser 'chrome' to base url 'https://schoolar.rynparin.dev/register'.</msg>
<status status="PASS" starttime="20230425 21:56:07.245" endtime="20230425 21:56:09.861"/>
</kw>
<kw name="Maximize Browser Window" library="SeleniumLibrary">
<doc>Maximizes current browser window.</doc>
<status status="PASS" starttime="20230425 21:56:09.861" endtime="20230425 21:56:10.005"/>
</kw>
<kw name="Wait Until Page Contains Element" library="SeleniumLibrary">
<arg>name:username</arg>
<doc>Waits until the element ``locator`` appears on the current page.</doc>
<status status="PASS" starttime="20230425 21:56:10.005" endtime="20230425 21:56:10.025"/>
</kw>
<status status="PASS" starttime="20230425 21:56:07.245" endtime="20230425 21:56:10.025"/>
</kw>
<kw name="Input and verify username" library="commonKeywords">
<arg>${EMPTY}</arg>
<kw name="Input Text" library="SeleniumLibrary">
<arg>name:username</arg>
<arg>${input_username}</arg>
<doc>Types the given ``text`` into the text field identified by ``locator``.</doc>
<msg timestamp="20230425 21:56:10.028" level="INFO">Typing text '' into text field 'name:username'.</msg>
<status status="PASS" starttime="20230425 21:56:10.027" endtime="20230425 21:56:10.194"/>
</kw>
<kw name="Get Value" library="SeleniumLibrary">
<var>${username}</var>
<arg>name:username</arg>
<doc>Returns the value attribute of the element identified by ``locator``.</doc>
<msg timestamp="20230425 21:56:10.236" level="INFO">${username} = </msg>
<status status="PASS" starttime="20230425 21:56:10.194" endtime="20230425 21:56:10.236"/>
</kw>
<kw name="Should Be Equal" library="BuiltIn">
<arg>${username}</arg>
<arg>${input_username}</arg>
<doc>Fails if the given objects are unequal.</doc>
<status status="PASS" starttime="20230425 21:56:10.236" endtime="20230425 21:56:10.237"/>
</kw>
<status status="PASS" starttime="20230425 21:56:10.026" endtime="20230425 21:56:10.237"/>
</kw>
<kw name="Input and verify Email" library="commonKeywords">
<arg>${EMPTY}</arg>
<kw name="Input Text" library="SeleniumLibrary">
<arg>name:email</arg>
<arg>${input_email}</arg>
<doc>Types the given ``text`` into the text field identified by ``locator``.</doc>
<msg timestamp="20230425 21:56:10.239" level="INFO">Typing text '' into text field 'name:email'.</msg>
<status status="PASS" starttime="20230425 21:56:10.239" endtime="20230425 21:56:10.392"/>
</kw>
<kw name="Get Value" library="SeleniumLibrary">
<var>${email}</var>
<arg>name:email</arg>
<doc>Returns the value attribute of the element identified by ``locator``.</doc>
<msg timestamp="20230425 21:56:10.422" level="INFO">${email} = </msg>
<status status="PASS" starttime="20230425 21:56:10.392" endtime="20230425 21:56:10.422"/>
</kw>
<kw name="Should Be Equal" library="BuiltIn">
<arg>${email}</arg>
<arg>${input_email}</arg>
<doc>Fails if the given objects are unequal.</doc>
<status status="PASS" starttime="20230425 21:56:10.422" endtime="20230425 21:56:10.422"/>
</kw>
<status status="PASS" starttime="20230425 21:56:10.237" endtime="20230425 21:56:10.423"/>
</kw>
<kw name="Input and verify Password" library="commonKeywords">
<arg>${EMPTY}</arg>
<kw name="Input Text" library="SeleniumLibrary">
<arg>name:password</arg>
<arg>${input_password}</arg>
<doc>Types the given ``text`` into the text field identified by ``locator``.</doc>
<msg timestamp="20230425 21:56:10.425" level="INFO">Typing text '' into text field 'name:password'.</msg>
<status status="PASS" starttime="20230425 21:56:10.424" endtime="20230425 21:56:10.545"/>
</kw>
<kw name="Get Value" library="SeleniumLibrary">
<var>${password}</var>
<arg>name:password</arg>
<doc>Returns the value attribute of the element identified by ``locator``.</doc>
<msg timestamp="20230425 21:56:10.569" level="INFO">${password} = </msg>
<status status="PASS" starttime="20230425 21:56:10.545" endtime="20230425 21:56:10.569"/>
</kw>
<kw name="Should Be Equal" library="BuiltIn">
<arg>${password}</arg>
<arg>${input_password}</arg>
<doc>Fails if the given objects are unequal.</doc>
<status status="PASS" starttime="20230425 21:56:10.570" endtime="20230425 21:56:10.570"/>
</kw>
<status status="PASS" starttime="20230425 21:56:10.423" endtime="20230425 21:56:10.570"/>
</kw>
<kw name="Input and verify Confirm Password" library="commonKeywords">
<arg>Student123</arg>
<kw name="Input Text" library="SeleniumLibrary">
<arg>name:cfpassword</arg>
<arg>${input_confirm_password}</arg>
<doc>Types the given ``text`` into the text field identified by ``locator``.</doc>
<msg timestamp="20230425 21:56:10.572" level="INFO">Typing text 'Student123' into text field 'name:cfpassword'.</msg>
<status status="PASS" starttime="20230425 21:56:10.571" endtime="20230425 21:56:10.731"/>
</kw>
<kw name="Get Value" library="SeleniumLibrary">
<var>${confirm_password}</var>
<arg>name:cfpassword</arg>
<doc>Returns the value attribute of the element identified by ``locator``.</doc>
<msg timestamp="20230425 21:56:10.755" level="INFO">${confirm_password} = Student123</msg>
<status status="PASS" starttime="20230425 21:56:10.731" endtime="20230425 21:56:10.755"/>
</kw>
<kw name="Should Be Equal" library="BuiltIn">
<arg>${confirm_password}</arg>
<arg>${input_confirm_password}</arg>
<doc>Fails if the given objects are unequal.</doc>
<status status="PASS" starttime="20230425 21:56:10.755" endtime="20230425 21:56:10.756"/>
</kw>
<status status="PASS" starttime="20230425 21:56:10.571" endtime="20230425 21:56:10.756"/>
</kw>
<kw name="Click register as student" library="commonKeywords">
<kw name="Wait Until Element Is Visible" library="SeleniumLibrary">
<arg>xpath=//button[contains(@class, 'MuiButton-containedPrimary') and contains(text(), 'Register as Student')]</arg>
<doc>Waits until the element ``locator`` is visible.</doc>
<status status="PASS" starttime="20230425 21:56:10.757" endtime="20230425 21:56:10.791"/>
</kw>
<kw name="Click Button" library="SeleniumLibrary">
<arg>xpath=//button[contains(@class, 'MuiButton-containedPrimary') and contains(text(), 'Register as Student')]</arg>
<doc>Clicks the button identified by ``locator``.</doc>
<msg timestamp="20230425 21:56:10.792" level="INFO">Clicking button 'xpath=//button[contains(@class, 'MuiButton-containedPrimary') and contains(text(), 'Register as Student')]'.</msg>
<status status="PASS" starttime="20230425 21:56:10.791" endtime="20230425 21:56:10.888"/>
</kw>
<status status="PASS" starttime="20230425 21:56:10.756" endtime="20230425 21:56:10.889"/>
</kw>
<kw name="Verify username display error message" library="commonKeywords">
<arg>${EMPTY_USERNAME_ERROR}</arg>
<kw name="Get Text" library="SeleniumLibrary">
<var>${error_message}</var>
<arg>//input[@name='username']/following::p</arg>
<doc>Returns the text value of the element identified by ``locator``.</doc>
<msg timestamp="20230425 21:56:10.931" level="INFO">${error_message} = Username is required</msg>
<status status="PASS" starttime="20230425 21:56:10.890" endtime="20230425 21:56:10.931"/>
</kw>
<kw name="Should Be Equal" library="BuiltIn">
<arg>${error}</arg>
<arg>${error_message}</arg>
<doc>Fails if the given objects are unequal.</doc>
<status status="PASS" starttime="20230425 21:56:10.931" endtime="20230425 21:56:10.932"/>
</kw>
<status status="PASS" starttime="20230425 21:56:10.889" endtime="20230425 21:56:10.932"/>
</kw>
<kw name="Verify email display error message" library="commonKeywords">
<arg>${EMPTY_EMAIL_ERROR}</arg>
<kw name="Get Text" library="SeleniumLibrary">
<var>${error_message}</var>
<arg>//input[@name='email']/following::p</arg>
<doc>Returns the text value of the element identified by ``locator``.</doc>
<msg timestamp="20230425 21:56:10.970" level="INFO">${error_message} = Email is required</msg>
<status status="PASS" starttime="20230425 21:56:10.933" endtime="20230425 21:56:10.971"/>
</kw>
<kw name="Should Be Equal" library="BuiltIn">
<arg>${error}</arg>
<arg>${error_message}</arg>
<doc>Fails if the given objects are unequal.</doc>
<status status="PASS" starttime="20230425 21:56:10.971" endtime="20230425 21:56:10.971"/>
</kw>
<status status="PASS" starttime="20230425 21:56:10.933" endtime="20230425 21:56:10.971"/>
</kw>
<kw name="Verify password display error message" library="commonKeywords">
<arg>${EMPTY_PASSWORD_ERROR}</arg>
<kw name="Get Text" library="SeleniumLibrary">
<var>${error_message}</var>
<arg>//input[@name='password']/following::p</arg>
<doc>Returns the text value of the element identified by ``locator``.</doc>
<msg timestamp="20230425 21:56:11.012" level="INFO">${error_message} = Password is required</msg>
<status status="PASS" starttime="20230425 21:56:10.972" endtime="20230425 21:56:11.012"/>
</kw>
<kw name="Should Be Equal" library="BuiltIn">
<arg>${error}</arg>
<arg>${error_message}</arg>
<doc>Fails if the given objects are unequal.</doc>
<status status="PASS" starttime="20230425 21:56:11.012" endtime="20230425 21:56:11.013"/>
</kw>
<status status="PASS" starttime="20230425 21:56:10.972" endtime="20230425 21:56:11.013"/>
</kw>
<kw name="Verify confirm password display error message" library="commonKeywords">
<arg>${CONFIRM_PASSWORD_MISMATCH_ERROR}</arg>
<kw name="Get Text" library="SeleniumLibrary">
<var>${error_message}</var>
<arg>//input[@name='cfpassword']/following::p</arg>
<doc>Returns the text value of the element identified by ``locator``.</doc>
<msg timestamp="20230425 21:56:11.049" level="INFO">${error_message} = Password do not match!</msg>
<status status="PASS" starttime="20230425 21:56:11.014" endtime="20230425 21:56:11.049"/>
</kw>
<kw name="Should Be Equal" library="BuiltIn">
<arg>${error}</arg>
<arg>${error_message}</arg>
<doc>Fails if the given objects are unequal.</doc>
<status status="PASS" starttime="20230425 21:56:11.049" endtime="20230425 21:56:11.049"/>
</kw>
<status status="PASS" starttime="20230425 21:56:11.014" endtime="20230425 21:56:11.049"/>
</kw>
<kw name="Close All Browsers" library="SeleniumLibrary" type="TEARDOWN">
<doc>Closes all open browsers and resets the browser cache.</doc>
<status status="PASS" starttime="20230425 21:56:11.050" endtime="20230425 21:56:17.387"/>
</kw>
<status status="PASS" starttime="20230425 21:56:07.244" endtime="20230425 21:56:17.387"/>
</test>
<test id="s1-t2" name="TC1-3" line="82">
<kw name="Open registration page" library="commonKeywords">
<kw name="Open Browser" library="SeleniumLibrary">
<arg>${WEB_URL}</arg>
<arg>${WEB_BROWSER}</arg>
<doc>Opens a new browser instance to the optional ``url``.</doc>
<msg timestamp="20230425 21:56:17.394" level="INFO">Opening browser 'chrome' to base url 'https://schoolar.rynparin.dev/register'.</msg>
<status status="PASS" starttime="20230425 21:56:17.392" endtime="20230425 21:56:19.373"/>
</kw>
<kw name="Maximize Browser Window" library="SeleniumLibrary">
<doc>Maximizes current browser window.</doc>
<status status="PASS" starttime="20230425 21:56:19.374" endtime="20230425 21:56:19.585"/>
</kw>
<kw name="Wait Until Page Contains Element" library="SeleniumLibrary">
<arg>name:username</arg>
<doc>Waits until the element ``locator`` appears on the current page.</doc>
<status status="PASS" starttime="20230425 21:56:19.586" endtime="20230425 21:56:19.636"/>
</kw>
<status status="PASS" starttime="20230425 21:56:17.392" endtime="20230425 21:56:19.637"/>
</kw>
<kw name="Input and verify username" library="commonKeywords">
<arg>Student123Student123Student123Student123Student123</arg>
<kw name="Input Text" library="SeleniumLibrary">
<arg>name:username</arg>
<arg>${input_username}</arg>
<doc>Types the given ``text`` into the text field identified by ``locator``.</doc>
<msg timestamp="20230425 21:56:19.639" level="INFO">Typing text 'Student123Student123Student123Student123Student123' into text field 'name:username'.</msg>
<status status="PASS" starttime="20230425 21:56:19.638" endtime="20230425 21:56:20.077"/>
</kw>
<kw name="Get Value" library="SeleniumLibrary">
<var>${username}</var>
<arg>name:username</arg>
<doc>Returns the value attribute of the element identified by ``locator``.</doc>
<msg timestamp="20230425 21:56:20.189" level="INFO">${username} = Student123Student123Student123Student123Student123</msg>
<status status="PASS" starttime="20230425 21:56:20.077" endtime="20230425 21:56:20.189"/>
</kw>
<kw name="Should Be Equal" library="BuiltIn">
<arg>${username}</arg>
<arg>${input_username}</arg>
<doc>Fails if the given objects are unequal.</doc>
<status status="PASS" starttime="20230425 21:56:20.189" endtime="20230425 21:56:20.189"/>
</kw>
<status status="PASS" starttime="20230425 21:56:19.638" endtime="20230425 21:56:20.190"/>
</kw>
<kw name="Input and verify Email" library="commonKeywords">
<arg>Student123</arg>
<kw name="Input Text" library="SeleniumLibrary">
<arg>name:email</arg>
<arg>${input_email}</arg>
<doc>Types the given ``text`` into the text field identified by ``locator``.</doc>
<msg timestamp="20230425 21:56:20.191" level="INFO">Typing text 'Student123' into text field 'name:email'.</msg>
<status status="PASS" starttime="20230425 21:56:20.191" endtime="20230425 21:56:20.329"/>
</kw>
<kw name="Get Value" library="SeleniumLibrary">
<var>${email}</var>
<arg>name:email</arg>
<doc>Returns the value attribute of the element identified by ``locator``.</doc>
<msg timestamp="20230425 21:56:20.359" level="INFO">${email} = Student123</msg>
<status status="PASS" starttime="20230425 21:56:20.329" endtime="20230425 21:56:20.359"/>
</kw>
<kw name="Should Be Equal" library="BuiltIn">
<arg>${email}</arg>
<arg>${input_email}</arg>
<doc>Fails if the given objects are unequal.</doc>
<status status="PASS" starttime="20230425 21:56:20.359" endtime="20230425 21:56:20.360"/>
</kw>
<status status="PASS" starttime="20230425 21:56:20.190" endtime="20230425 21:56:20.360"/>
</kw>
<kw name="Input and verify Password" library="commonKeywords">
<arg>Stu123</arg>
<kw name="Input Text" library="SeleniumLibrary">
<arg>name:password</arg>
<arg>${input_password}</arg>
<doc>Types the given ``text`` into the text field identified by ``locator``.</doc>
<msg timestamp="20230425 21:56:20.361" level="INFO">Typing text 'Stu123' into text field 'name:password'.</msg>
<status status="PASS" starttime="20230425 21:56:20.361" endtime="20230425 21:56:20.524"/>
</kw>
<kw name="Get Value" library="SeleniumLibrary">
<var>${password}</var>
<arg>name:password</arg>
<doc>Returns the value attribute of the element identified by ``locator``.</doc>
<msg timestamp="20230425 21:56:20.549" level="INFO">${password} = Stu123</msg>
<status status="PASS" starttime="20230425 21:56:20.524" endtime="20230425 21:56:20.549"/>
</kw>
<kw name="Should Be Equal" library="BuiltIn">
<arg>${password}</arg>
<arg>${input_password}</arg>
<doc>Fails if the given objects are unequal.</doc>
<status status="PASS" starttime="20230425 21:56:20.549" endtime="20230425 21:56:20.550"/>
</kw>
<status status="PASS" starttime="20230425 21:56:20.360" endtime="20230425 21:56:20.550"/>
</kw>
<kw name="Input and verify Confirm Password" library="commonKeywords">
<arg>Stu123</arg>
<kw name="Input Text" library="SeleniumLibrary">
<arg>name:cfpassword</arg>
<arg>${input_confirm_password}</arg>
<doc>Types the given ``text`` into the text field identified by ``locator``.</doc>
<msg timestamp="20230425 21:56:20.553" level="INFO">Typing text 'Stu123' into text field 'name:cfpassword'.</msg>
<status status="PASS" starttime="20230425 21:56:20.551" endtime="20230425 21:56:20.691"/>
</kw>
<kw name="Get Value" library="SeleniumLibrary">
<var>${confirm_password}</var>
<arg>name:cfpassword</arg>
<doc>Returns the value attribute of the element identified by ``locator``.</doc>
<msg timestamp="20230425 21:56:20.718" level="INFO">${confirm_password} = Stu123</msg>
<status status="PASS" starttime="20230425 21:56:20.692" endtime="20230425 21:56:20.719"/>
</kw>
<kw name="Should Be Equal" library="BuiltIn">
<arg>${confirm_password}</arg>
<arg>${input_confirm_password}</arg>
<doc>Fails if the given objects are unequal.</doc>
<status status="PASS" starttime="20230425 21:56:20.719" endtime="20230425 21:56:20.719"/>
</kw>
<status status="PASS" starttime="20230425 21:56:20.551" endtime="20230425 21:56:20.719"/>
</kw>
<kw name="Click register as student" library="commonKeywords">
<kw name="Wait Until Element Is Visible" library="SeleniumLibrary">
<arg>xpath=//button[contains(@class, 'MuiButton-containedPrimary') and contains(text(), 'Register as Student')]</arg>
<doc>Waits until the element ``locator`` is visible.</doc>
<status status="PASS" starttime="20230425 21:56:20.720" endtime="20230425 21:56:20.756"/>
</kw>
<kw name="Click Button" library="SeleniumLibrary">
<arg>xpath=//button[contains(@class, 'MuiButton-containedPrimary') and contains(text(), 'Register as Student')]</arg>
<doc>Clicks the button identified by ``locator``.</doc>
<msg timestamp="20230425 21:56:20.757" level="INFO">Clicking button 'xpath=//button[contains(@class, 'MuiButton-containedPrimary') and contains(text(), 'Register as Student')]'.</msg>
<status status="PASS" starttime="20230425 21:56:20.756" endtime="20230425 21:56:20.863"/>
</kw>
<status status="PASS" starttime="20230425 21:56:20.720" endtime="20230425 21:56:20.863"/>
</kw>
<kw name="Verify username display error message" library="commonKeywords">
<arg>${LONG_USERNAME_ERROR}</arg>
<kw name="Get Text" library="SeleniumLibrary">
<var>${error_message}</var>
<arg>//input[@name='username']/following::p</arg>
<doc>Returns the text value of the element identified by ``locator``.</doc>
<msg timestamp="20230425 21:56:20.902" level="INFO">${error_message} = Username must be at most 40 characters</msg>
<status status="PASS" starttime="20230425 21:56:20.864" endtime="20230425 21:56:20.902"/>
</kw>
<kw name="Should Be Equal" library="BuiltIn">
<arg>${error}</arg>
<arg>${error_message}</arg>
<doc>Fails if the given objects are unequal.</doc>
<status status="PASS" starttime="20230425 21:56:20.902" endtime="20230425 21:56:20.902"/>
</kw>
<status status="PASS" starttime="20230425 21:56:20.863" endtime="20230425 21:56:20.903"/>
</kw>
<kw name="Verify email display error message" library="commonKeywords">
<arg>${INVALID_EMAIL_ERROR}</arg>
<kw name="Get Text" library="SeleniumLibrary">
<var>${error_message}</var>
<arg>//input[@name='email']/following::p</arg>
<doc>Returns the text value of the element identified by ``locator``.</doc>
<msg timestamp="20230425 21:56:20.937" level="INFO">${error_message} = Email is invalid</msg>
<status status="PASS" starttime="20230425 21:56:20.904" endtime="20230425 21:56:20.937"/>
</kw>
<kw name="Should Be Equal" library="BuiltIn">
<arg>${error}</arg>
<arg>${error_message}</arg>
<doc>Fails if the given objects are unequal.</doc>
<status status="PASS" starttime="20230425 21:56:20.937" endtime="20230425 21:56:20.938"/>
</kw>
<status status="PASS" starttime="20230425 21:56:20.903" endtime="20230425 21:56:20.938"/>
</kw>
<kw name="Verify password display error message" library="commonKeywords">
<arg>${SHORT_PASSWORD_ERROR}</arg>
<kw name="Get Text" library="SeleniumLibrary">
<var>${error_message}</var>
<arg>//input[@name='password']/following::p</arg>
<doc>Returns the text value of the element identified by ``locator``.</doc>
<msg timestamp="20230425 21:56:20.973" level="INFO">${error_message} = Password must be at least 8 characters</msg>
<status status="PASS" starttime="20230425 21:56:20.939" endtime="20230425 21:56:20.973"/>
</kw>
<kw name="Should Be Equal" library="BuiltIn">
<arg>${error}</arg>
<arg>${error_message}</arg>
<doc>Fails if the given objects are unequal.</doc>
<status status="PASS" starttime="20230425 21:56:20.973" endtime="20230425 21:56:20.973"/>
</kw>
<status status="PASS" starttime="20230425 21:56:20.938" endtime="20230425 21:56:20.974"/>
</kw>
<kw name="Close All Browsers" library="SeleniumLibrary" type="TEARDOWN">
<doc>Closes all open browsers and resets the browser cache.</doc>
<status status="PASS" starttime="20230425 21:56:20.975" endtime="20230425 21:56:27.218"/>
</kw>
<status status="PASS" starttime="20230425 21:56:17.391" endtime="20230425 21:56:27.219"/>
</test>
<test id="s1-t3" name="TC1-4" line="94">
<kw name="Open registration page" library="commonKeywords">
<kw name="Open Browser" library="SeleniumLibrary">
<arg>${WEB_URL}</arg>
<arg>${WEB_BROWSER}</arg>
<doc>Opens a new browser instance to the optional ``url``.</doc>
<msg timestamp="20230425 21:56:27.225" level="INFO">Opening browser 'chrome' to base url 'https://schoolar.rynparin.dev/register'.</msg>
<status status="PASS" starttime="20230425 21:56:27.223" endtime="20230425 21:56:29.680"/>
</kw>
<kw name="Maximize Browser Window" library="SeleniumLibrary">
<doc>Maximizes current browser window.</doc>
<status status="PASS" starttime="20230425 21:56:29.680" endtime="20230425 21:56:29.998"/>
</kw>
<kw name="Wait Until Page Contains Element" library="SeleniumLibrary">
<arg>name:username</arg>
<doc>Waits until the element ``locator`` appears on the current page.</doc>
<status status="PASS" starttime="20230425 21:56:29.999" endtime="20230425 21:56:30.082"/>
</kw>
<status status="PASS" starttime="20230425 21:56:27.223" endtime="20230425 21:56:30.082"/>
</kw>
<kw name="Input and verify username" library="commonKeywords">
<arg>Student123&amp;</arg>
<kw name="Input Text" library="SeleniumLibrary">
<arg>name:username</arg>
<arg>${input_username}</arg>
<doc>Types the given ``text`` into the text field identified by ``locator``.</doc>
<msg timestamp="20230425 21:56:30.086" level="INFO">Typing text 'Student123&amp;' into text field 'name:username'.</msg>
<status status="PASS" starttime="20230425 21:56:30.085" endtime="20230425 21:56:30.318"/>
</kw>
<kw name="Get Value" library="SeleniumLibrary">
<var>${username}</var>
<arg>name:username</arg>
<doc>Returns the value attribute of the element identified by ``locator``.</doc>
<msg timestamp="20230425 21:56:30.350" level="INFO">${username} = Student123&amp;</msg>
<status status="PASS" starttime="20230425 21:56:30.318" endtime="20230425 21:56:30.350"/>
</kw>
<kw name="Should Be Equal" library="BuiltIn">
<arg>${username}</arg>
<arg>${input_username}</arg>
<doc>Fails if the given objects are unequal.</doc>
<status status="PASS" starttime="20230425 21:56:30.350" endtime="20230425 21:56:30.351"/>
</kw>
<status status="PASS" starttime="20230425 21:56:30.084" endtime="20230425 21:56:30.351"/>
</kw>
<kw name="Input and verify Email" library="commonKeywords">
<arg>Student01@Student01.com</arg>
<kw name="Input Text" library="SeleniumLibrary">
<arg>name:email</arg>
<arg>${input_email}</arg>
<doc>Types the given ``text`` into the text field identified by ``locator``.</doc>
<msg timestamp="20230425 21:56:30.354" level="INFO">Typing text 'Student01@Student01.com' into text field 'name:email'.</msg>
<status status="PASS" starttime="20230425 21:56:30.353" endtime="20230425 21:56:30.647"/>
</kw>
<kw name="Get Value" library="SeleniumLibrary">
<var>${email}</var>
<arg>name:email</arg>
<doc>Returns the value attribute of the element identified by ``locator``.</doc>
<msg timestamp="20230425 21:56:30.675" level="INFO">${email} = Student01@Student01.com</msg>
<status status="PASS" starttime="20230425 21:56:30.647" endtime="20230425 21:56:30.675"/>
</kw>
<kw name="Should Be Equal" library="BuiltIn">
<arg>${email}</arg>
<arg>${input_email}</arg>
<doc>Fails if the given objects are unequal.</doc>
<status status="PASS" starttime="20230425 21:56:30.675" endtime="20230425 21:56:30.676"/>
</kw>
<status status="PASS" starttime="20230425 21:56:30.352" endtime="20230425 21:56:30.676"/>
</kw>
<kw name="Input and verify Password" library="commonKeywords">
<arg>Student123Student123Student123Student123Student123</arg>
<kw name="Input Text" library="SeleniumLibrary">
<arg>name:password</arg>
<arg>${input_password}</arg>
<doc>Types the given ``text`` into the text field identified by ``locator``.</doc>
<msg timestamp="20230425 21:56:30.677" level="INFO">Typing text 'Student123Student123Student123Student123Student123' into text field 'name:password'.</msg>
<status status="PASS" starttime="20230425 21:56:30.677" endtime="20230425 21:56:30.931"/>
</kw>
<kw name="Get Value" library="SeleniumLibrary">
<var>${password}</var>
<arg>name:password</arg>
<doc>Returns the value attribute of the element identified by ``locator``.</doc>
<msg timestamp="20230425 21:56:30.966" level="INFO">${password} = Student123Student123Student123Student123Student123</msg>
<status status="PASS" starttime="20230425 21:56:30.931" endtime="20230425 21:56:30.966"/>
</kw>
<kw name="Should Be Equal" library="BuiltIn">
<arg>${password}</arg>
<arg>${input_password}</arg>
<doc>Fails if the given objects are unequal.</doc>
<status status="PASS" starttime="20230425 21:56:30.967" endtime="20230425 21:56:30.967"/>
</kw>
<status status="PASS" starttime="20230425 21:56:30.676" endtime="20230425 21:56:30.967"/>
</kw>
<kw name="Input and verify Confirm Password" library="commonKeywords">
<arg>Student123Student123Student123Student123Student123</arg>
<kw name="Input Text" library="SeleniumLibrary">
<arg>name:cfpassword</arg>
<arg>${input_confirm_password}</arg>
<doc>Types the given ``text`` into the text field identified by ``locator``.</doc>
<msg timestamp="20230425 21:56:30.970" level="INFO">Typing text 'Student123Student123Student123Student123Student123' into text field 'name:cfpassword'.</msg>
<status status="PASS" starttime="20230425 21:56:30.969" endtime="20230425 21:56:31.210"/>
</kw>
<kw name="Get Value" library="SeleniumLibrary">
<var>${confirm_password}</var>
<arg>name:cfpassword</arg>
<doc>Returns the value attribute of the element identified by ``locator``.</doc>
<msg timestamp="20230425 21:56:31.232" level="INFO">${confirm_password} = Student123Student123Student123Student123Student123</msg>
<status status="PASS" starttime="20230425 21:56:31.210" endtime="20230425 21:56:31.232"/>
</kw>
<kw name="Should Be Equal" library="BuiltIn">
<arg>${confirm_password}</arg>
<arg>${input_confirm_password}</arg>
<doc>Fails if the given objects are unequal.</doc>
<status status="PASS" starttime="20230425 21:56:31.232" endtime="20230425 21:56:31.233"/>
</kw>
<status status="PASS" starttime="20230425 21:56:30.968" endtime="20230425 21:56:31.233"/>
</kw>
<kw name="Click register as student" library="commonKeywords">
<kw name="Wait Until Element Is Visible" library="SeleniumLibrary">
<arg>xpath=//button[contains(@class, 'MuiButton-containedPrimary') and contains(text(), 'Register as Student')]</arg>
<doc>Waits until the element ``locator`` is visible.</doc>
<status status="PASS" starttime="20230425 21:56:31.234" endtime="20230425 21:56:31.265"/>
</kw>
<kw name="Click Button" library="SeleniumLibrary">
<arg>xpath=//button[contains(@class, 'MuiButton-containedPrimary') and contains(text(), 'Register as Student')]</arg>
<doc>Clicks the button identified by ``locator``.</doc>
<msg timestamp="20230425 21:56:31.266" level="INFO">Clicking button 'xpath=//button[contains(@class, 'MuiButton-containedPrimary') and contains(text(), 'Register as Student')]'.</msg>
<status status="PASS" starttime="20230425 21:56:31.265" endtime="20230425 21:56:31.371"/>
</kw>
<status status="PASS" starttime="20230425 21:56:31.233" endtime="20230425 21:56:31.372"/>
</kw>
<kw name="Verify username display error message" library="commonKeywords">
<arg>${INVALID_USERNAME_ERROR}</arg>
<kw name="Get Text" library="SeleniumLibrary">
<var>${error_message}</var>
<arg>//input[@name='username']/following::p</arg>
<doc>Returns the text value of the element identified by ``locator``.</doc>
<msg timestamp="20230425 21:56:31.405" level="INFO">${error_message} = Username is invalid</msg>
<status status="PASS" starttime="20230425 21:56:31.373" endtime="20230425 21:56:31.406"/>
</kw>
<kw name="Should Be Equal" library="BuiltIn">
<arg>${error}</arg>
<arg>${error_message}</arg>
<doc>Fails if the given objects are unequal.</doc>
<status status="PASS" starttime="20230425 21:56:31.406" endtime="20230425 21:56:31.406"/>
</kw>
<status status="PASS" starttime="20230425 21:56:31.372" endtime="20230425 21:56:31.406"/>
</kw>
<kw name="Verify email display error message" library="commonKeywords">
<arg>${DUPLICATE_EMAIL_ERROR}</arg>
<kw name="Get Text" library="SeleniumLibrary">
<var>${error_message}</var>
<arg>//input[@name='email']/following::p</arg>
<doc>Returns the text value of the element identified by ``locator``.</doc>
<msg timestamp="20230425 21:56:31.456" level="INFO">${error_message} = Email has been taken</msg>
<status status="PASS" starttime="20230425 21:56:31.407" endtime="20230425 21:56:31.456"/>
</kw>
<kw name="Should Be Equal" library="BuiltIn">
<arg>${error}</arg>
<arg>${error_message}</arg>
<doc>Fails if the given objects are unequal.</doc>
<status status="PASS" starttime="20230425 21:56:31.456" endtime="20230425 21:56:31.457"/>
</kw>
<status status="PASS" starttime="20230425 21:56:31.407" endtime="20230425 21:56:31.457"/>
</kw>
<kw name="Verify password display error message" library="commonKeywords">
<arg>${LONG_PASSWORD_ERROR}</arg>
<kw name="Get Text" library="SeleniumLibrary">
<var>${error_message}</var>
<arg>//input[@name='password']/following::p</arg>
<doc>Returns the text value of the element identified by ``locator``.</doc>
<msg timestamp="20230425 21:56:31.495" level="INFO">${error_message} = Password must be at most 40 characters</msg>
<status status="PASS" starttime="20230425 21:56:31.458" endtime="20230425 21:56:31.495"/>
</kw>
<kw name="Should Be Equal" library="BuiltIn">
<arg>${error}</arg>
<arg>${error_message}</arg>
<doc>Fails if the given objects are unequal.</doc>
<status status="PASS" starttime="20230425 21:56:31.495" endtime="20230425 21:56:31.496"/>
</kw>
<status status="PASS" starttime="20230425 21:56:31.457" endtime="20230425 21:56:31.496"/>
</kw>
<kw name="Close All Browsers" library="SeleniumLibrary" type="TEARDOWN">
<doc>Closes all open browsers and resets the browser cache.</doc>
<status status="PASS" starttime="20230425 21:56:31.497" endtime="20230425 21:56:37.850"/>
</kw>
<status status="PASS" starttime="20230425 21:56:27.222" endtime="20230425 21:56:37.851"/>
</test>
<test id="s1-t4" name="TC1-5" line="106">
<kw name="Open registration page" library="commonKeywords">
<kw name="Open Browser" library="SeleniumLibrary">
<arg>${WEB_URL}</arg>
<arg>${WEB_BROWSER}</arg>
<doc>Opens a new browser instance to the optional ``url``.</doc>
<msg timestamp="20230425 21:56:37.857" level="INFO">Opening browser 'chrome' to base url 'https://schoolar.rynparin.dev/register'.</msg>
<status status="PASS" starttime="20230425 21:56:37.856" endtime="20230425 21:56:39.815"/>
</kw>
<kw name="Maximize Browser Window" library="SeleniumLibrary">
<doc>Maximizes current browser window.</doc>
<status status="PASS" starttime="20230425 21:56:39.815" endtime="20230425 21:56:40.060"/>
</kw>
<kw name="Wait Until Page Contains Element" library="SeleniumLibrary">
<arg>name:username</arg>
<doc>Waits until the element ``locator`` appears on the current page.</doc>
<status status="PASS" starttime="20230425 21:56:40.060" endtime="20230425 21:56:40.094"/>
</kw>
<status status="PASS" starttime="20230425 21:56:37.855" endtime="20230425 21:56:40.094"/>
</kw>
<kw name="Input and verify username" library="commonKeywords">
<arg>Student123</arg>
<kw name="Input Text" library="SeleniumLibrary">
<arg>name:username</arg>
<arg>${input_username}</arg>
<doc>Types the given ``text`` into the text field identified by ``locator``.</doc>
<msg timestamp="20230425 21:56:40.095" level="INFO">Typing text 'Student123' into text field 'name:username'.</msg>
<status status="PASS" starttime="20230425 21:56:40.095" endtime="20230425 21:56:40.358"/>
</kw>
<kw name="Get Value" library="SeleniumLibrary">
<var>${username}</var>
<arg>name:username</arg>
<doc>Returns the value attribute of the element identified by ``locator``.</doc>
<msg timestamp="20230425 21:56:40.386" level="INFO">${username} = Student123</msg>
<status status="PASS" starttime="20230425 21:56:40.358" endtime="20230425 21:56:40.386"/>
</kw>
<kw name="Should Be Equal" library="BuiltIn">
<arg>${username}</arg>
<arg>${input_username}</arg>
<doc>Fails if the given objects are unequal.</doc>
<status status="PASS" starttime="20230425 21:56:40.386" endtime="20230425 21:56:40.387"/>
</kw>
<status status="PASS" starttime="20230425 21:56:40.094" endtime="20230425 21:56:40.387"/>
</kw>
<kw name="Input and verify Email" library="commonKeywords">
<arg>student@hotmail.com</arg>
<kw name="Input Text" library="SeleniumLibrary">
<arg>name:email</arg>
<arg>${input_email}</arg>
<doc>Types the given ``text`` into the text field identified by ``locator``.</doc>
<msg timestamp="20230425 21:56:40.390" level="INFO">Typing text 'student@hotmail.com' into text field 'name:email'.</msg>
<status status="PASS" starttime="20230425 21:56:40.389" endtime="20230425 21:56:40.556"/>
</kw>
<kw name="Get Value" library="SeleniumLibrary">
<var>${email}</var>
<arg>name:email</arg>
<doc>Returns the value attribute of the element identified by ``locator``.</doc>
<msg timestamp="20230425 21:56:40.602" level="INFO">${email} = student@hotmail.com</msg>
<status status="PASS" starttime="20230425 21:56:40.557" endtime="20230425 21:56:40.602"/>
</kw>
<kw name="Should Be Equal" library="BuiltIn">
<arg>${email}</arg>
<arg>${input_email}</arg>
<doc>Fails if the given objects are unequal.</doc>
<status status="PASS" starttime="20230425 21:56:40.602" endtime="20230425 21:56:40.602"/>
</kw>
<status status="PASS" starttime="20230425 21:56:40.388" endtime="20230425 21:56:40.603"/>
</kw>
<kw name="Input and verify Password" library="commonKeywords">
<arg>admin1234</arg>
<kw name="Input Text" library="SeleniumLibrary">
<arg>name:password</arg>
<arg>${input_password}</arg>
<doc>Types the given ``text`` into the text field identified by ``locator``.</doc>
<msg timestamp="20230425 21:56:40.605" level="INFO">Typing text 'admin1234' into text field 'name:password'.</msg>
<status status="PASS" starttime="20230425 21:56:40.604" endtime="20230425 21:56:40.745"/>
</kw>
<kw name="Get Value" library="SeleniumLibrary">
<var>${password}</var>
<arg>name:password</arg>
<doc>Returns the value attribute of the element identified by ``locator``.</doc>
<msg timestamp="20230425 21:56:40.769" level="INFO">${password} = admin1234</msg>
<status status="PASS" starttime="20230425 21:56:40.745" endtime="20230425 21:56:40.769"/>
</kw>
<kw name="Should Be Equal" library="BuiltIn">
<arg>${password}</arg>
<arg>${input_password}</arg>
<doc>Fails if the given objects are unequal.</doc>
<status status="PASS" starttime="20230425 21:56:40.769" endtime="20230425 21:56:40.769"/>
</kw>
<status status="PASS" starttime="20230425 21:56:40.603" endtime="20230425 21:56:40.770"/>
</kw>
<kw name="Input and verify Confirm Password" library="commonKeywords">
<arg>admin1234</arg>
<kw name="Input Text" library="SeleniumLibrary">
<arg>name:cfpassword</arg>
<arg>${input_confirm_password}</arg>
<doc>Types the given ``text`` into the text field identified by ``locator``.</doc>
<msg timestamp="20230425 21:56:40.771" level="INFO">Typing text 'admin1234' into text field 'name:cfpassword'.</msg>
<status status="PASS" starttime="20230425 21:56:40.770" endtime="20230425 21:56:40.920"/>
</kw>
<kw name="Get Value" library="SeleniumLibrary">
<var>${confirm_password}</var>
<arg>name:cfpassword</arg>
<doc>Returns the value attribute of the element identified by ``locator``.</doc>
<msg timestamp="20230425 21:56:40.947" level="INFO">${confirm_password} = admin1234</msg>
<status status="PASS" starttime="20230425 21:56:40.920" endtime="20230425 21:56:40.947"/>
</kw>
<kw name="Should Be Equal" library="BuiltIn">
<arg>${confirm_password}</arg>
<arg>${input_confirm_password}</arg>
<doc>Fails if the given objects are unequal.</doc>
<status status="PASS" starttime="20230425 21:56:40.947" endtime="20230425 21:56:40.947"/>
</kw>
<status status="PASS" starttime="20230425 21:56:40.770" endtime="20230425 21:56:40.947"/>
</kw>
<kw name="Click register as student" library="commonKeywords">
<kw name="Wait Until Element Is Visible" library="SeleniumLibrary">
<arg>xpath=//button[contains(@class, 'MuiButton-containedPrimary') and contains(text(), 'Register as Student')]</arg>
<doc>Waits until the element ``locator`` is visible.</doc>
<status status="PASS" starttime="20230425 21:56:40.948" endtime="20230425 21:56:40.983"/>
</kw>
<kw name="Click Button" library="SeleniumLibrary">
<arg>xpath=//button[contains(@class, 'MuiButton-containedPrimary') and contains(text(), 'Register as Student')]</arg>
<doc>Clicks the button identified by ``locator``.</doc>
<msg timestamp="20230425 21:56:40.983" level="INFO">Clicking button 'xpath=//button[contains(@class, 'MuiButton-containedPrimary') and contains(text(), 'Register as Student')]'.</msg>
<status status="PASS" starttime="20230425 21:56:40.983" endtime="20230425 21:56:41.079"/>
</kw>
<status status="PASS" starttime="20230425 21:56:40.948" endtime="20230425 21:56:41.079"/>
</kw>
<kw name="Verify password display error message" library="commonKeywords">
<arg>${NO_UPPERCASE_PASSWORD_ERROR}</arg>
<kw name="Get Text" library="SeleniumLibrary">
<var>${error_message}</var>
<arg>//input[@name='password']/following::p</arg>
<doc>Returns the text value of the element identified by ``locator``.</doc>
<msg timestamp="20230425 21:56:41.117" level="INFO">${error_message} = Password must have at least one uppercase letter</msg>
<status status="PASS" starttime="20230425 21:56:41.080" endtime="20230425 21:56:41.117"/>
</kw>
<kw name="Should Be Equal" library="BuiltIn">
<arg>${error}</arg>
<arg>${error_message}</arg>
<doc>Fails if the given objects are unequal.</doc>
<status status="PASS" starttime="20230425 21:56:41.118" endtime="20230425 21:56:41.118"/>
</kw>
<status status="PASS" starttime="20230425 21:56:41.080" endtime="20230425 21:56:41.118"/>
</kw>
<kw name="Close All Browsers" library="SeleniumLibrary" type="TEARDOWN">
<doc>Closes all open browsers and resets the browser cache.</doc>
<status status="PASS" starttime="20230425 21:56:41.119" endtime="20230425 21:56:47.335"/>
</kw>
<status status="PASS" starttime="20230425 21:56:37.854" endtime="20230425 21:56:47.336"/>
</test>
<test id="s1-t5" name="TC1-6" line="116">
<kw name="Open registration page" library="commonKeywords">
<kw name="Open Browser" library="SeleniumLibrary">
<arg>${WEB_URL}</arg>
<arg>${WEB_BROWSER}</arg>
<doc>Opens a new browser instance to the optional ``url``.</doc>
<msg timestamp="20230425 21:56:47.342" level="INFO">Opening browser 'chrome' to base url 'https://schoolar.rynparin.dev/register'.</msg>
<status status="PASS" starttime="20230425 21:56:47.341" endtime="20230425 21:56:49.581"/>
</kw>
<kw name="Maximize Browser Window" library="SeleniumLibrary">
<doc>Maximizes current browser window.</doc>
<status status="PASS" starttime="20230425 21:56:49.581" endtime="20230425 21:56:49.765"/>
</kw>
<kw name="Wait Until Page Contains Element" library="SeleniumLibrary">
<arg>name:username</arg>
<doc>Waits until the element ``locator`` appears on the current page.</doc>
<status status="PASS" starttime="20230425 21:56:49.765" endtime="20230425 21:56:49.782"/>
</kw>
<status status="PASS" starttime="20230425 21:56:47.340" endtime="20230425 21:56:49.782"/>
</kw>
<kw name="Input and verify username" library="commonKeywords">
<arg>Student01</arg>
<kw name="Input Text" library="SeleniumLibrary">
<arg>name:username</arg>
<arg>${input_username}</arg>
<doc>Types the given ``text`` into the text field identified by ``locator``.</doc>
<msg timestamp="20230425 21:56:49.784" level="INFO">Typing text 'Student01' into text field 'name:username'.</msg>
<status status="PASS" starttime="20230425 21:56:49.783" endtime="20230425 21:56:49.952"/>
</kw>
<kw name="Get Value" library="SeleniumLibrary">
<var>${username}</var>
<arg>name:username</arg>
<doc>Returns the value attribute of the element identified by ``locator``.</doc>
<msg timestamp="20230425 21:56:49.978" level="INFO">${username} = Student01</msg>
<status status="PASS" starttime="20230425 21:56:49.952" endtime="20230425 21:56:49.978"/>
</kw>
<kw name="Should Be Equal" library="BuiltIn">
<arg>${username}</arg>
<arg>${input_username}</arg>
<doc>Fails if the given objects are unequal.</doc>
<status status="PASS" starttime="20230425 21:56:49.979" endtime="20230425 21:56:49.979"/>
</kw>
<status status="PASS" starttime="20230425 21:56:49.783" endtime="20230425 21:56:49.979"/>
</kw>
<kw name="Input and verify Email" library="commonKeywords">
<arg>student@hotmail.com</arg>
<kw name="Input Text" library="SeleniumLibrary">
<arg>name:email</arg>
<arg>${input_email}</arg>
<doc>Types the given ``text`` into the text field identified by ``locator``.</doc>
<msg timestamp="20230425 21:56:49.982" level="INFO">Typing text 'student@hotmail.com' into text field 'name:email'.</msg>
<status status="PASS" starttime="20230425 21:56:49.981" endtime="20230425 21:56:50.176"/>
</kw>
<kw name="Get Value" library="SeleniumLibrary">
<var>${email}</var>
<arg>name:email</arg>
<doc>Returns the value attribute of the element identified by ``locator``.</doc>
<msg timestamp="20230425 21:56:50.238" level="INFO">${email} = student@hotmail.com</msg>
<status status="PASS" starttime="20230425 21:56:50.176" endtime="20230425 21:56:50.238"/>
</kw>
<kw name="Should Be Equal" library="BuiltIn">
<arg>${email}</arg>
<arg>${input_email}</arg>
<doc>Fails if the given objects are unequal.</doc>
<status status="PASS" starttime="20230425 21:56:50.238" endtime="20230425 21:56:50.239"/>
</kw>
<status status="PASS" starttime="20230425 21:56:49.980" endtime="20230425 21:56:50.239"/>
</kw>
<kw name="Input and verify Password" library="commonKeywords">
<arg>Adminadmin</arg>
<kw name="Input Text" library="SeleniumLibrary">
<arg>name:password</arg>
<arg>${input_password}</arg>
<doc>Types the given ``text`` into the text field identified by ``locator``.</doc>
<msg timestamp="20230425 21:56:50.242" level="INFO">Typing text 'Adminadmin' into text field 'name:password'.</msg>
<status status="PASS" starttime="20230425 21:56:50.241" endtime="20230425 21:56:50.386"/>
</kw>
<kw name="Get Value" library="SeleniumLibrary">
<var>${password}</var>
<arg>name:password</arg>
<doc>Returns the value attribute of the element identified by ``locator``.</doc>
<msg timestamp="20230425 21:56:50.412" level="INFO">${password} = Adminadmin</msg>
<status status="PASS" starttime="20230425 21:56:50.386" endtime="20230425 21:56:50.412"/>
</kw>
<kw name="Should Be Equal" library="BuiltIn">
<arg>${password}</arg>
<arg>${input_password}</arg>
<doc>Fails if the given objects are unequal.</doc>
<status status="PASS" starttime="20230425 21:56:50.413" endtime="20230425 21:56:50.413"/>
</kw>
<status status="PASS" starttime="20230425 21:56:50.240" endtime="20230425 21:56:50.413"/>
</kw>
<kw name="Input and verify Confirm Password" library="commonKeywords">
<arg>Adminadmin</arg>
<kw name="Input Text" library="SeleniumLibrary">
<arg>name:cfpassword</arg>
<arg>${input_confirm_password}</arg>
<doc>Types the given ``text`` into the text field identified by ``locator``.</doc>
<msg timestamp="20230425 21:56:50.414" level="INFO">Typing text 'Adminadmin' into text field 'name:cfpassword'.</msg>
<status status="PASS" starttime="20230425 21:56:50.414" endtime="20230425 21:56:50.572"/>
</kw>
<kw name="Get Value" library="SeleniumLibrary">
<var>${confirm_password}</var>
<arg>name:cfpassword</arg>
<doc>Returns the value attribute of the element identified by ``locator``.</doc>
<msg timestamp="20230425 21:56:50.597" level="INFO">${confirm_password} = Adminadmin</msg>
<status status="PASS" starttime="20230425 21:56:50.572" endtime="20230425 21:56:50.597"/>
</kw>
<kw name="Should Be Equal" library="BuiltIn">
<arg>${confirm_password}</arg>
<arg>${input_confirm_password}</arg>
<doc>Fails if the given objects are unequal.</doc>
<status status="PASS" starttime="20230425 21:56:50.597" endtime="20230425 21:56:50.597"/>
</kw>
<status status="PASS" starttime="20230425 21:56:50.414" endtime="20230425 21:56:50.597"/>
</kw>
<kw name="Click register as student" library="commonKeywords">
<kw name="Wait Until Element Is Visible" library="SeleniumLibrary">
<arg>xpath=//button[contains(@class, 'MuiButton-containedPrimary') and contains(text(), 'Register as Student')]</arg>
<doc>Waits until the element ``locator`` is visible.</doc>
<status status="PASS" starttime="20230425 21:56:50.598" endtime="20230425 21:56:50.634"/>
</kw>
<kw name="Click Button" library="SeleniumLibrary">
<arg>xpath=//button[contains(@class, 'MuiButton-containedPrimary') and contains(text(), 'Register as Student')]</arg>
<doc>Clicks the button identified by ``locator``.</doc>
<msg timestamp="20230425 21:56:50.635" level="INFO">Clicking button 'xpath=//button[contains(@class, 'MuiButton-containedPrimary') and contains(text(), 'Register as Student')]'.</msg>
<status status="PASS" starttime="20230425 21:56:50.635" endtime="20230425 21:56:50.730"/>
</kw>
<status status="PASS" starttime="20230425 21:56:50.598" endtime="20230425 21:56:50.730"/>
</kw>
<kw name="Verify username display error message" library="commonKeywords">
<arg>${DUPLICATE_USERNAME_ERROR}</arg>
<kw name="Get Text" library="SeleniumLibrary">
<var>${error_message}</var>
<arg>//input[@name='username']/following::p</arg>
<doc>Returns the text value of the element identified by ``locator``.</doc>
<msg timestamp="20230425 21:56:50.781" level="INFO">${error_message} = Username has been taken</msg>
<status status="PASS" starttime="20230425 21:56:50.731" endtime="20230425 21:56:50.781"/>
</kw>
<kw name="Should Be Equal" library="BuiltIn">
<arg>${error}</arg>
<arg>${error_message}</arg>
<doc>Fails if the given objects are unequal.</doc>
<status status="PASS" starttime="20230425 21:56:50.782" endtime="20230425 21:56:50.782"/>
</kw>
<status status="PASS" starttime="20230425 21:56:50.731" endtime="20230425 21:56:50.782"/>
</kw>
<kw name="Verify password display error message" library="commonKeywords">
<arg>${NO_DIGIT_OR_SPECIAL_PASSWORD_ERROR}</arg>
<kw name="Get Text" library="SeleniumLibrary">
<var>${error_message}</var>
<arg>//input[@name='password']/following::p</arg>
<doc>Returns the text value of the element identified by ``locator``.</doc>
<msg timestamp="20230425 21:56:50.823" level="INFO">${error_message} = Password must have at least one digit number or special character</msg>
<status status="PASS" starttime="20230425 21:56:50.783" endtime="20230425 21:56:50.823"/>
</kw>
<kw name="Should Be Equal" library="BuiltIn">
<arg>${error}</arg>
<arg>${error_message}</arg>
<doc>Fails if the given objects are unequal.</doc>
<status status="PASS" starttime="20230425 21:56:50.824" endtime="20230425 21:56:50.824"/>
</kw>
<status status="PASS" starttime="20230425 21:56:50.783" endtime="20230425 21:56:50.824"/>
</kw>
<kw name="Close All Browsers" library="SeleniumLibrary" type="TEARDOWN">
<doc>Closes all open browsers and resets the browser cache.</doc>
<status status="PASS" starttime="20230425 21:56:50.825" endtime="20230425 21:56:57.154"/>
</kw>
<status status="PASS" starttime="20230425 21:56:47.339" endtime="20230425 21:56:57.156"/>
</test>
<test id="s1-t6" name="TC1-7" line="127">
<kw name="Open registration page" library="commonKeywords">
<kw name="Open Browser" library="SeleniumLibrary">
<arg>${WEB_URL}</arg>
<arg>${WEB_BROWSER}</arg>
<doc>Opens a new browser instance to the optional ``url``.</doc>
<msg timestamp="20230425 21:56:57.162" level="INFO">Opening browser 'chrome' to base url 'https://schoolar.rynparin.dev/register'.</msg>
<status status="PASS" starttime="20230425 21:56:57.161" endtime="20230425 21:56:59.118"/>
</kw>
<kw name="Maximize Browser Window" library="SeleniumLibrary">
<doc>Maximizes current browser window.</doc>
<status status="PASS" starttime="20230425 21:56:59.118" endtime="20230425 21:56:59.337"/>
</kw>
<kw name="Wait Until Page Contains Element" library="SeleniumLibrary">
<arg>name:username</arg>
<doc>Waits until the element ``locator`` appears on the current page.</doc>
<status status="PASS" starttime="20230425 21:56:59.337" endtime="20230425 21:56:59.382"/>
</kw>
<status status="PASS" starttime="20230425 21:56:57.160" endtime="20230425 21:56:59.382"/>
</kw>
<kw name="Input and verify username" library="commonKeywords">
<arg>Student123</arg>
<kw name="Input Text" library="SeleniumLibrary">
<arg>name:username</arg>
<arg>${input_username}</arg>
<doc>Types the given ``text`` into the text field identified by ``locator``.</doc>
<msg timestamp="20230425 21:56:59.385" level="INFO">Typing text 'Student123' into text field 'name:username'.</msg>
<status status="PASS" starttime="20230425 21:56:59.384" endtime="20230425 21:56:59.664"/>
</kw>
<kw name="Get Value" library="SeleniumLibrary">
<var>${username}</var>
<arg>name:username</arg>
<doc>Returns the value attribute of the element identified by ``locator``.</doc>
<msg timestamp="20230425 21:56:59.693" level="INFO">${username} = Student123</msg>
<status status="PASS" starttime="20230425 21:56:59.664" endtime="20230425 21:56:59.693"/>
</kw>
<kw name="Should Be Equal" library="BuiltIn">
<arg>${username}</arg>
<arg>${input_username}</arg>
<doc>Fails if the given objects are unequal.</doc>
<status status="PASS" starttime="20230425 21:56:59.694" endtime="20230425 21:56:59.694"/>
</kw>
<status status="PASS" starttime="20230425 21:56:59.383" endtime="20230425 21:56:59.694"/>
</kw>
<kw name="Input and verify Email" library="commonKeywords">
<arg>student123@hotmail.com</arg>
<kw name="Input Text" library="SeleniumLibrary">
<arg>name:email</arg>
<arg>${input_email}</arg>
<doc>Types the given ``text`` into the text field identified by ``locator``.</doc>
<msg timestamp="20230425 21:56:59.698" level="INFO">Typing text 'student123@hotmail.com' into text field 'name:email'.</msg>
<status status="PASS" starttime="20230425 21:56:59.696" endtime="20230425 21:56:59.896"/>
</kw>
<kw name="Get Value" library="SeleniumLibrary">
<var>${email}</var>
<arg>name:email</arg>
<doc>Returns the value attribute of the element identified by ``locator``.</doc>
<msg timestamp="20230425 21:56:59.935" level="INFO">${email} = student123@hotmail.com</msg>
<status status="PASS" starttime="20230425 21:56:59.896" endtime="20230425 21:56:59.935"/>
</kw>
<kw name="Should Be Equal" library="BuiltIn">
<arg>${email}</arg>
<arg>${input_email}</arg>
<doc>Fails if the given objects are unequal.</doc>
<status status="PASS" starttime="20230425 21:56:59.935" endtime="20230425 21:56:59.936"/>
</kw>
<status status="PASS" starttime="20230425 21:56:59.696" endtime="20230425 21:56:59.936"/>
</kw>
<kw name="Input and verify Password" library="commonKeywords">
<arg>Student123</arg>
<kw name="Input Text" library="SeleniumLibrary">
<arg>name:password</arg>
<arg>${input_password}</arg>
<doc>Types the given ``text`` into the text field identified by ``locator``.</doc>
<msg timestamp="20230425 21:56:59.938" level="INFO">Typing text 'Student123' into text field 'name:password'.</msg>
<status status="PASS" starttime="20230425 21:56:59.937" endtime="20230425 21:57:00.087"/>
</kw>
<kw name="Get Value" library="SeleniumLibrary">
<var>${password}</var>
<arg>name:password</arg>
<doc>Returns the value attribute of the element identified by ``locator``.</doc>
<msg timestamp="20230425 21:57:00.110" level="INFO">${password} = Student123</msg>
<status status="PASS" starttime="20230425 21:57:00.088" endtime="20230425 21:57:00.110"/>
</kw>
<kw name="Should Be Equal" library="BuiltIn">
<arg>${password}</arg>
<arg>${input_password}</arg>
<doc>Fails if the given objects are unequal.</doc>
<status status="PASS" starttime="20230425 21:57:00.110" endtime="20230425 21:57:00.110"/>
</kw>
<status status="PASS" starttime="20230425 21:56:59.937" endtime="20230425 21:57:00.111"/>
</kw>
<kw name="Input and verify Confirm Password" library="commonKeywords">
<arg>Student123</arg>
<kw name="Input Text" library="SeleniumLibrary">
<arg>name:cfpassword</arg>
<arg>${input_confirm_password}</arg>
<doc>Types the given ``text`` into the text field identified by ``locator``.</doc>
<msg timestamp="20230425 21:57:00.112" level="INFO">Typing text 'Student123' into text field 'name:cfpassword'.</msg>
<status status="PASS" starttime="20230425 21:57:00.111" endtime="20230425 21:57:00.252"/>
</kw>
<kw name="Get Value" library="SeleniumLibrary">
<var>${confirm_password}</var>
<arg>name:cfpassword</arg>
<doc>Returns the value attribute of the element identified by ``locator``.</doc>
<msg timestamp="20230425 21:57:00.274" level="INFO">${confirm_password} = Student123</msg>
<status status="PASS" starttime="20230425 21:57:00.252" endtime="20230425 21:57:00.274"/>
</kw>
<kw name="Should Be Equal" library="BuiltIn">
<arg>${confirm_password}</arg>
<arg>${input_confirm_password}</arg>
<doc>Fails if the given objects are unequal.</doc>
<status status="PASS" starttime="20230425 21:57:00.274" endtime="20230425 21:57:00.274"/>
</kw>
<status status="PASS" starttime="20230425 21:57:00.111" endtime="20230425 21:57:00.274"/>
</kw>
<kw name="Click register as student" library="commonKeywords">
<kw name="Wait Until Element Is Visible" library="SeleniumLibrary">
<arg>xpath=//button[contains(@class, 'MuiButton-containedPrimary') and contains(text(), 'Register as Student')]</arg>
<doc>Waits until the element ``locator`` is visible.</doc>
<status status="PASS" starttime="20230425 21:57:00.275" endtime="20230425 21:57:00.308"/>
</kw>
<kw name="Click Button" library="SeleniumLibrary">
<arg>xpath=//button[contains(@class, 'MuiButton-containedPrimary') and contains(text(), 'Register as Student')]</arg>
<doc>Clicks the button identified by ``locator``.</doc>
<msg timestamp="20230425 21:57:00.309" level="INFO">Clicking button 'xpath=//button[contains(@class, 'MuiButton-containedPrimary') and contains(text(), 'Register as Student')]'.</msg>
<status status="PASS" starttime="20230425 21:57:00.308" endtime="20230425 21:57:00.401"/>
</kw>
<status status="PASS" starttime="20230425 21:57:00.275" endtime="20230425 21:57:00.401"/>
</kw>
<kw name="Verify firstname display error message" library="commonKeywords">
<arg>${EMPTY_FIRST_NAME_ERROR}</arg>
<kw name="Get Text" library="SeleniumLibrary">
<var>${error_message}</var>
<arg>//input[@name='firstName']/following::p</arg>
<doc>Returns the text value of the element identified by ``locator``.</doc>
<msg timestamp="20230425 21:57:00.975" level="INFO" html="true">&lt;/td&gt;&lt;/tr&gt;&lt;tr&gt;&lt;td colspan="3"&gt;&lt;a href="selenium-screenshot-1.png"&gt;&lt;img src="selenium-screenshot-1.png" width="800px"&gt;&lt;/a&gt;</msg>
<msg timestamp="20230425 21:57:00.975" level="FAIL">Element with locator '//input[@name='firstName']/following::p' not found.</msg>
<status status="FAIL" starttime="20230425 21:57:00.402" endtime="20230425 21:57:00.985"/>
</kw>
<kw name="Should Be Equal" library="BuiltIn">
<arg>${error}</arg>
<arg>${error_message}</arg>
<doc>Fails if the given objects are unequal.</doc>
<status status="NOT RUN" starttime="20230425 21:57:00.985" endtime="20230425 21:57:00.985"/>
</kw>
<status status="FAIL" starttime="20230425 21:57:00.402" endtime="20230425 21:57:00.985"/>
</kw>
<kw name="Verify lastname display error message" library="commonKeywords">
<arg>${EMPTY_LAST_NAME_ERROR}</arg>
<status status="NOT RUN" starttime="20230425 21:57:00.986" endtime="20230425 21:57:00.986"/>
</kw>
<kw name="Verify birdthdate display error message" library="commonKeywords">
<arg>${EMPTY_BIRTHDATE_ERROR}</arg>
<status status="NOT RUN" starttime="20230425 21:57:00.987" endtime="20230425 21:57:00.987"/>
</kw>
<kw name="Verify gender display error message" library="commonKeywords">
<arg>${EMPTY_GENDER_ERROR}</arg>
<status status="NOT RUN" starttime="20230425 21:57:00.987" endtime="20230425 21:57:00.988"/>
</kw>
<kw name="Verify phoneNumber display error message" library="commonKeywords">
<arg>${EMPTY_PHONE_NUMBER_ERROR}</arg>
<status status="NOT RUN" starttime="20230425 21:57:00.988" endtime="20230425 21:57:00.988"/>
</kw>
<kw name="Close All Browsers" library="SeleniumLibrary" type="TEARDOWN">
<doc>Closes all open browsers and resets the browser cache.</doc>
<status status="PASS" starttime="20230425 21:57:00.989" endtime="20230425 21:57:07.262"/>
</kw>
<status status="FAIL" starttime="20230425 21:56:57.159" endtime="20230425 21:57:07.263">Element with locator '//input[@name='firstName']/following::p' not found.</status>
</test>
<test id="s1-t7" name="TC1-8" line="141">
<kw name="Open registration page" library="commonKeywords">
<kw name="Open Browser" library="SeleniumLibrary">
<arg>${WEB_URL}</arg>
<arg>${WEB_BROWSER}</arg>
<doc>Opens a new browser instance to the optional ``url``.</doc>
<msg timestamp="20230425 21:57:07.268" level="INFO">Opening browser 'chrome' to base url 'https://schoolar.rynparin.dev/register'.</msg>
<status status="PASS" starttime="20230425 21:57:07.267" endtime="20230425 21:57:09.030"/>
</kw>
<kw name="Maximize Browser Window" library="SeleniumLibrary">
<doc>Maximizes current browser window.</doc>
<status status="PASS" starttime="20230425 21:57:09.030" endtime="20230425 21:57:09.221"/>
</kw>
<kw name="Wait Until Page Contains Element" library="SeleniumLibrary">
<arg>name:username</arg>
<doc>Waits until the element ``locator`` appears on the current page.</doc>
<status status="PASS" starttime="20230425 21:57:09.222" endtime="20230425 21:57:09.266"/>
</kw>
<status status="PASS" starttime="20230425 21:57:07.267" endtime="20230425 21:57:09.266"/>
</kw>
<kw name="Input and verify username" library="commonKeywords">
<arg>Student123</arg>
<kw name="Input Text" library="SeleniumLibrary">
<arg>name:username</arg>
<arg>${input_username}</arg>
<doc>Types the given ``text`` into the text field identified by ``locator``.</doc>
<msg timestamp="20230425 21:57:09.270" level="INFO">Typing text 'Student123' into text field 'name:username'.</msg>
<status status="PASS" starttime="20230425 21:57:09.268" endtime="20230425 21:57:09.485"/>
</kw>
<kw name="Get Value" library="SeleniumLibrary">
<var>${username}</var>
<arg>name:username</arg>
<doc>Returns the value attribute of the element identified by ``locator``.</doc>
<msg timestamp="20230425 21:57:09.517" level="INFO">${username} = Student123</msg>
<status status="PASS" starttime="20230425 21:57:09.485" endtime="20230425 21:57:09.517"/>
</kw>
<kw name="Should Be Equal" library="BuiltIn">
<arg>${username}</arg>
<arg>${input_username}</arg>
<doc>Fails if the given objects are unequal.</doc>
<status status="PASS" starttime="20230425 21:57:09.517" endtime="20230425 21:57:09.517"/>
</kw>
<status status="PASS" starttime="20230425 21:57:09.268" endtime="20230425 21:57:09.517"/>
</kw>
<kw name="Input and verify Email" library="commonKeywords">
<arg>student123@hotmail.com</arg>
<kw name="Input Text" library="SeleniumLibrary">
<arg>name:email</arg>
<arg>${input_email}</arg>
<doc>Types the given ``text`` into the text field identified by ``locator``.</doc>
<msg timestamp="20230425 21:57:09.519" level="INFO">Typing text 'student123@hotmail.com' into text field 'name:email'.</msg>
<status status="PASS" starttime="20230425 21:57:09.518" endtime="20230425 21:57:09.765"/>
</kw>
<kw name="Get Value" library="SeleniumLibrary">
<var>${email}</var>
<arg>name:email</arg>
<doc>Returns the value attribute of the element identified by ``locator``.</doc>
<msg timestamp="20230425 21:57:09.806" level="INFO">${email} = student123@hotmail.com</msg>
<status status="PASS" starttime="20230425 21:57:09.765" endtime="20230425 21:57:09.806"/>
</kw>
<kw name="Should Be Equal" library="BuiltIn">
<arg>${email}</arg>
<arg>${input_email}</arg>
<doc>Fails if the given objects are unequal.</doc>
<status status="PASS" starttime="20230425 21:57:09.806" endtime="20230425 21:57:09.807"/>
</kw>
<status status="PASS" starttime="20230425 21:57:09.518" endtime="20230425 21:57:09.807"/>
</kw>
<kw name="Input and verify Password" library="commonKeywords">
<arg>Student123</arg>
<kw name="Input Text" library="SeleniumLibrary">
<arg>name:password</arg>
<arg>${input_password}</arg>
<doc>Types the given ``text`` into the text field identified by ``locator``.</doc>
<msg timestamp="20230425 21:57:09.808" level="INFO">Typing text 'Student123' into text field 'name:password'.</msg>
<status status="PASS" starttime="20230425 21:57:09.808" endtime="20230425 21:57:09.945"/>
</kw>
<kw name="Get Value" library="SeleniumLibrary">
<var>${password}</var>
<arg>name:password</arg>
<doc>Returns the value attribute of the element identified by ``locator``.</doc>
<msg timestamp="20230425 21:57:09.967" level="INFO">${password} = Student123</msg>
<status status="PASS" starttime="20230425 21:57:09.945" endtime="20230425 21:57:09.967"/>
</kw>
<kw name="Should Be Equal" library="BuiltIn">
<arg>${password}</arg>
<arg>${input_password}</arg>
<doc>Fails if the given objects are unequal.</doc>
<status status="PASS" starttime="20230425 21:57:09.967" endtime="20230425 21:57:09.968"/>
</kw>
<status status="PASS" starttime="20230425 21:57:09.807" endtime="20230425 21:57:09.968"/>
</kw>
<kw name="Input and verify Confirm Password" library="commonKeywords">
<arg>Student123</arg>
<kw name="Input Text" library="SeleniumLibrary">
<arg>name:cfpassword</arg>
<arg>${input_confirm_password}</arg>
<doc>Types the given ``text`` into the text field identified by ``locator``.</doc>
<msg timestamp="20230425 21:57:09.970" level="INFO">Typing text 'Student123' into text field 'name:cfpassword'.</msg>
<status status="PASS" starttime="20230425 21:57:09.969" endtime="20230425 21:57:10.115"/>
</kw>
<kw name="Get Value" library="SeleniumLibrary">
<var>${confirm_password}</var>
<arg>name:cfpassword</arg>
<doc>Returns the value attribute of the element identified by ``locator``.</doc>
<msg timestamp="20230425 21:57:10.139" level="INFO">${confirm_password} = Student123</msg>
<status status="PASS" starttime="20230425 21:57:10.115" endtime="20230425 21:57:10.139"/>
</kw>
<kw name="Should Be Equal" library="BuiltIn">
<arg>${confirm_password}</arg>
<arg>${input_confirm_password}</arg>
<doc>Fails if the given objects are unequal.</doc>
<status status="PASS" starttime="20230425 21:57:10.139" endtime="20230425 21:57:10.140"/>
</kw>
<status status="PASS" starttime="20230425 21:57:09.969" endtime="20230425 21:57:10.140"/>
</kw>
<kw name="Click register as student" library="commonKeywords">
<kw name="Wait Until Element Is Visible" library="SeleniumLibrary">
<arg>xpath=//button[contains(@class, 'MuiButton-containedPrimary') and contains(text(), 'Register as Student')]</arg>
<doc>Waits until the element ``locator`` is visible.</doc>
<status status="PASS" starttime="20230425 21:57:10.141" endtime="20230425 21:57:10.173"/>
</kw>
<kw name="Click Button" library="SeleniumLibrary">
<arg>xpath=//button[contains(@class, 'MuiButton-containedPrimary') and contains(text(), 'Register as Student')]</arg>
<doc>Clicks the button identified by ``locator``.</doc>
<msg timestamp="20230425 21:57:10.174" level="INFO">Clicking button 'xpath=//button[contains(@class, 'MuiButton-containedPrimary') and contains(text(), 'Register as Student')]'.</msg>
<status status="PASS" starttime="20230425 21:57:10.173" endtime="20230425 21:57:10.267"/>
</kw>
<status status="PASS" starttime="20230425 21:57:10.140" endtime="20230425 21:57:10.267"/>
</kw>
<kw name="Input and verify firstname" library="commonKeywords">
<arg>S</arg>
<kw name="Input Text" library="SeleniumLibrary">
<arg>name:firstName</arg>
<arg>${input_firstname}</arg>
<doc>Types the given ``text`` into the text field identified by ``locator``.</doc>
<msg timestamp="20230425 21:57:10.269" level="INFO">Typing text 'S' into text field 'name:firstName'.</msg>
<msg timestamp="20230425 21:57:10.800" level="INFO" html="true">&lt;/td&gt;&lt;/tr&gt;&lt;tr&gt;&lt;td colspan="3"&gt;&lt;a href="selenium-screenshot-2.png"&gt;&lt;img src="selenium-screenshot-2.png" width="800px"&gt;&lt;/a&gt;</msg>
<msg timestamp="20230425 21:57:10.801" level="FAIL">Element with locator 'name:firstName' not found.</msg>
<status status="FAIL" starttime="20230425 21:57:10.268" endtime="20230425 21:57:10.804"/>
</kw>
<kw name="Get Value" library="SeleniumLibrary">
<var>${firstname}</var>
<arg>name:firstName</arg>
<doc>Returns the value attribute of the element identified by ``locator``.</doc>
<status status="NOT RUN" starttime="20230425 21:57:10.804" endtime="20230425 21:57:10.804"/>
</kw>
<kw name="Should Be Equal" library="BuiltIn">
<arg>${firstname}</arg>
<arg>${input_firstname}</arg>
<doc>Fails if the given objects are unequal.</doc>
<status status="NOT RUN" starttime="20230425 21:57:10.804" endtime="20230425 21:57:10.804"/>
</kw>
<status status="FAIL" starttime="20230425 21:57:10.268" endtime="20230425 21:57:10.804"/>
</kw>
<kw name="Input and verify lastname" library="commonKeywords">
<arg>S</arg>
<status status="NOT RUN" starttime="20230425 21:57:10.808" endtime="20230425 21:57:10.808"/>
</kw>
<kw name="Input and verify birthdate" library="commonKeywords">
<arg>21/04/2300</arg>
<status status="NOT RUN" starttime="20230425 21:57:10.808" endtime="20230425 21:57:10.808"/>
</kw>
<kw name="Input and verify gender" library="commonKeywords">
<arg>Male</arg>
<status status="NOT RUN" starttime="20230425 21:57:10.809" endtime="20230425 21:57:10.809"/>
</kw>
<kw name="Input and verify phoneNumber" library="commonKeywords">
<arg>01234567</arg>
<status status="NOT RUN" starttime="20230425 21:57:10.810" endtime="20230425 21:57:10.810"/>
</kw>
<kw name="Verify firstname display error message" library="commonKeywords">
<arg>${SHORT_FIRST_NAME_ERROR}</arg>
<status status="NOT RUN" starttime="20230425 21:57:10.810" endtime="20230425 21:57:10.810"/>
</kw>
<kw name="Verify lastname display error message" library="commonKeywords">
<arg>${SHORT_LAST_NAME_ERROR}</arg>
<status status="NOT RUN" starttime="20230425 21:57:10.810" endtime="20230425 21:57:10.811"/>
</kw>
<kw name="Verify birdthdate display error message" library="commonKeywords">
<arg>${INVALID_BIRTHDATE_ERROR}</arg>
<status status="NOT RUN" starttime="20230425 21:57:10.811" endtime="20230425 21:57:10.811"/>
</kw>
<kw name="Verify phoneNumber display error message" library="commonKeywords">
<arg>${SHORT_PHONE_NUMBER_ERROR}</arg>
<status status="NOT RUN" starttime="20230425 21:57:10.811" endtime="20230425 21:57:10.812"/>
</kw>
<kw name="Close All Browsers" library="SeleniumLibrary" type="TEARDOWN">
<doc>Closes all open browsers and resets the browser cache.</doc>
<status status="PASS" starttime="20230425 21:57:10.812" endtime="20230425 21:57:17.146"/>
</kw>
<status status="FAIL" starttime="20230425 21:57:07.266" endtime="20230425 21:57:17.147">Element with locator 'name:firstName' not found.</status>
</test>
<test id="s1-t8" name="TC1-9" line="159">
<kw name="Open registration page" library="commonKeywords">
<kw name="Open Browser" library="SeleniumLibrary">
<arg>${WEB_URL}</arg>
<arg>${WEB_BROWSER}</arg>
<doc>Opens a new browser instance to the optional ``url``.</doc>
<msg timestamp="20230425 21:57:17.154" level="INFO">Opening browser 'chrome' to base url 'https://schoolar.rynparin.dev/register'.</msg>
<status status="PASS" starttime="20230425 21:57:17.152" endtime="20230425 21:57:19.061"/>
</kw>
<kw name="Maximize Browser Window" library="SeleniumLibrary">
<doc>Maximizes current browser window.</doc>
<status status="PASS" starttime="20230425 21:57:19.062" endtime="20230425 21:57:19.245"/>
</kw>
<kw name="Wait Until Page Contains Element" library="SeleniumLibrary">
<arg>name:username</arg>
<doc>Waits until the element ``locator`` appears on the current page.</doc>
<status status="PASS" starttime="20230425 21:57:19.245" endtime="20230425 21:57:19.283"/>
</kw>
<status status="PASS" starttime="20230425 21:57:17.151" endtime="20230425 21:57:19.283"/>
</kw>
<kw name="Input and verify username" library="commonKeywords">
<arg>Student123</arg>
<kw name="Input Text" library="SeleniumLibrary">
<arg>name:username</arg>
<arg>${input_username}</arg>
<doc>Types the given ``text`` into the text field identified by ``locator``.</doc>
<msg timestamp="20230425 21:57:19.285" level="INFO">Typing text 'Student123' into text field 'name:username'.</msg>
<status status="PASS" starttime="20230425 21:57:19.284" endtime="20230425 21:57:19.557"/>
</kw>
<kw name="Get Value" library="SeleniumLibrary">
<var>${username}</var>
<arg>name:username</arg>
<doc>Returns the value attribute of the element identified by ``locator``.</doc>
<msg timestamp="20230425 21:57:19.590" level="INFO">${username} = Student123</msg>
<status status="PASS" starttime="20230425 21:57:19.557" endtime="20230425 21:57:19.590"/>
</kw>
<kw name="Should Be Equal" library="BuiltIn">
<arg>${username}</arg>
<arg>${input_username}</arg>
<doc>Fails if the given objects are unequal.</doc>
<status status="PASS" starttime="20230425 21:57:19.590" endtime="20230425 21:57:19.591"/>
</kw>
<status status="PASS" starttime="20230425 21:57:19.284" endtime="20230425 21:57:19.591"/>
</kw>
<kw name="Input and verify Email" library="commonKeywords">
<arg>student123@hotmail.com</arg>
<kw name="Input Text" library="SeleniumLibrary">
<arg>name:email</arg>
<arg>${input_email}</arg>
<doc>Types the given ``text`` into the text field identified by ``locator``.</doc>
<msg timestamp="20230425 21:57:19.593" level="INFO">Typing text 'student123@hotmail.com' into text field 'name:email'.</msg>
<status status="PASS" starttime="20230425 21:57:19.592" endtime="20230425 21:57:19.777"/>
</kw>
<kw name="Get Value" library="SeleniumLibrary">
<var>${email}</var>
<arg>name:email</arg>
<doc>Returns the value attribute of the element identified by ``locator``.</doc>
<msg timestamp="20230425 21:57:19.830" level="INFO">${email} = student123@hotmail.com</msg>
<status status="PASS" starttime="20230425 21:57:19.777" endtime="20230425 21:57:19.830"/>
</kw>
<kw name="Should Be Equal" library="BuiltIn">
<arg>${email}</arg>
<arg>${input_email}</arg>
<doc>Fails if the given objects are unequal.</doc>
<status status="PASS" starttime="20230425 21:57:19.830" endtime="20230425 21:57:19.831"/>
</kw>
<status status="PASS" starttime="20230425 21:57:19.591" endtime="20230425 21:57:19.831"/>
</kw>
<kw name="Input and verify Password" library="commonKeywords">
<arg>Student123</arg>
<kw name="Input Text" library="SeleniumLibrary">
<arg>name:password</arg>
<arg>${input_password}</arg>
<doc>Types the given ``text`` into the text field identified by ``locator``.</doc>
<msg timestamp="20230425 21:57:19.833" level="INFO">Typing text 'Student123' into text field 'name:password'.</msg>
<status status="PASS" starttime="20230425 21:57:19.832" endtime="20230425 21:57:19.977"/>
</kw>
<kw name="Get Value" library="SeleniumLibrary">
<var>${password}</var>
<arg>name:password</arg>
<doc>Returns the value attribute of the element identified by ``locator``.</doc>
<msg timestamp="20230425 21:57:20.002" level="INFO">${password} = Student123</msg>
<status status="PASS" starttime="20230425 21:57:19.978" endtime="20230425 21:57:20.002"/>
</kw>
<kw name="Should Be Equal" library="BuiltIn">
<arg>${password}</arg>
<arg>${input_password}</arg>
<doc>Fails if the given objects are unequal.</doc>
<status status="PASS" starttime="20230425 21:57:20.002" endtime="20230425 21:57:20.002"/>
</kw>
<status status="PASS" starttime="20230425 21:57:19.832" endtime="20230425 21:57:20.002"/>
</kw>
<kw name="Input and verify Confirm Password" library="commonKeywords">
<arg>Student123</arg>
<kw name="Input Text" library="SeleniumLibrary">
<arg>name:cfpassword</arg>
<arg>${input_confirm_password}</arg>
<doc>Types the given ``text`` into the text field identified by ``locator``.</doc>
<msg timestamp="20230425 21:57:20.005" level="INFO">Typing text 'Student123' into text field 'name:cfpassword'.</msg>
<status status="PASS" starttime="20230425 21:57:20.004" endtime="20230425 21:57:20.142"/>
</kw>
<kw name="Get Value" library="SeleniumLibrary">
<var>${confirm_password}</var>
<arg>name:cfpassword</arg>
<doc>Returns the value attribute of the element identified by ``locator``.</doc>
<msg timestamp="20230425 21:57:20.165" level="INFO">${confirm_password} = Student123</msg>
<status status="PASS" starttime="20230425 21:57:20.142" endtime="20230425 21:57:20.165"/>
</kw>
<kw name="Should Be Equal" library="BuiltIn">
<arg>${confirm_password}</arg>
<arg>${input_confirm_password}</arg>
<doc>Fails if the given objects are unequal.</doc>
<status status="PASS" starttime="20230425 21:57:20.165" endtime="20230425 21:57:20.166"/>
</kw>
<status status="PASS" starttime="20230425 21:57:20.003" endtime="20230425 21:57:20.166"/>
</kw>
<kw name="Click register as student" library="commonKeywords">
<kw name="Wait Until Element Is Visible" library="SeleniumLibrary">
<arg>xpath=//button[contains(@class, 'MuiButton-containedPrimary') and contains(text(), 'Register as Student')]</arg>
<doc>Waits until the element ``locator`` is visible.</doc>
<status status="PASS" starttime="20230425 21:57:20.167" endtime="20230425 21:57:20.198"/>
</kw>
<kw name="Click Button" library="SeleniumLibrary">
<arg>xpath=//button[contains(@class, 'MuiButton-containedPrimary') and contains(text(), 'Register as Student')]</arg>
<doc>Clicks the button identified by ``locator``.</doc>
<msg timestamp="20230425 21:57:20.199" level="INFO">Clicking button 'xpath=//button[contains(@class, 'MuiButton-containedPrimary') and contains(text(), 'Register as Student')]'.</msg>
<status status="PASS" starttime="20230425 21:57:20.199" endtime="20230425 21:57:20.294"/>
</kw>
<status status="PASS" starttime="20230425 21:57:20.166" endtime="20230425 21:57:20.294"/>
</kw>
<kw name="Input and verify firstname" library="commonKeywords">
<arg>ssssssssssssssssssssssssssssssssssssssss</arg>
<kw name="Input Text" library="SeleniumLibrary">
<arg>name:firstName</arg>
<arg>${input_firstname}</arg>
<doc>Types the given ``text`` into the text field identified by ``locator``.</doc>
<msg timestamp="20230425 21:57:20.296" level="INFO">Typing text 'ssssssssssssssssssssssssssssssssssssssss' into text field 'name:firstName'.</msg>
<msg timestamp="20230425 21:57:20.837" level="INFO" html="true">&lt;/td&gt;&lt;/tr&gt;&lt;tr&gt;&lt;td colspan="3"&gt;&lt;a href="selenium-screenshot-3.png"&gt;&lt;img src="selenium-screenshot-3.png" width="800px"&gt;&lt;/a&gt;</msg>
<msg timestamp="20230425 21:57:20.838" level="FAIL">Element with locator 'name:firstName' not found.</msg>
<status status="FAIL" starttime="20230425 21:57:20.295" endtime="20230425 21:57:20.838"/>
</kw>
<kw name="Get Value" library="SeleniumLibrary">
<var>${firstname}</var>
<arg>name:firstName</arg>
<doc>Returns the value attribute of the element identified by ``locator``.</doc>
<status status="NOT RUN" starttime="20230425 21:57:20.839" endtime="20230425 21:57:20.839"/>
</kw>
<kw name="Should Be Equal" library="BuiltIn">
<arg>${firstname}</arg>
<arg>${input_firstname}</arg>
<doc>Fails if the given objects are unequal.</doc>
<status status="NOT RUN" starttime="20230425 21:57:20.839" endtime="20230425 21:57:20.839"/>
</kw>
<status status="FAIL" starttime="20230425 21:57:20.294" endtime="20230425 21:57:20.839"/>
</kw>
<kw name="Input and verify lastname" library="commonKeywords">
<arg>ssssssssssssssssssssssssssssssssssssssssS</arg>
<status status="NOT RUN" starttime="20230425 21:57:20.840" endtime="20230425 21:57:20.840"/>
</kw>
<kw name="Input and verify birthdate" library="commonKeywords">
<arg>21/04/2002</arg>
<status status="NOT RUN" starttime="20230425 21:57:20.842" endtime="20230425 21:57:20.842"/>
</kw>
<kw name="Input and verify gender" library="commonKeywords">
<arg>Male</arg>
<status status="NOT RUN" starttime="20230425 21:57:20.843" endtime="20230425 21:57:20.843"/>
</kw>
<kw name="Input and verify phoneNumber" library="commonKeywords">
<arg>0123452323</arg>
<status status="NOT RUN" starttime="20230425 21:57:20.844" endtime="20230425 21:57:20.844"/>
</kw>
<kw name="Verify firstname display error message" library="commonKeywords">
<arg>${LONG_FIRST_NAME_ERROR}</arg>
<status status="NOT RUN" starttime="20230425 21:57:20.844" endtime="20230425 21:57:20.844"/>
</kw>
<kw name="Verify lastname display error message" library="commonKeywords">
<arg>${LONG_LAST_NAME_ERROR}</arg>
<status status="NOT RUN" starttime="20230425 21:57:20.845" endtime="20230425 21:57:20.845"/>
</kw>
<kw name="Verify phoneNumber display error message" library="commonKeywords">
<arg>${DUPLICATE_PHONE_NUMBER_ERROR}</arg>
<status status="NOT RUN" starttime="20230425 21:57:20.845" endtime="20230425 21:57:20.845"/>
</kw>
<kw name="Close All Browsers" library="SeleniumLibrary" type="TEARDOWN">
<doc>Closes all open browsers and resets the browser cache.</doc>
<status status="PASS" starttime="20230425 21:57:20.846" endtime="20230425 21:57:27.112"/>
</kw>
<status status="FAIL" starttime="20230425 21:57:17.150" endtime="20230425 21:57:27.113">Element with locator 'name:firstName' not found.</status>
</test>
<test id="s1-t9" name="TC1-10" line="176">
<kw name="Open registration page" library="commonKeywords">
<kw name="Open Browser" library="SeleniumLibrary">
<arg>${WEB_URL}</arg>
<arg>${WEB_BROWSER}</arg>
<doc>Opens a new browser instance to the optional ``url``.</doc>
<msg timestamp="20230425 21:57:27.120" level="INFO">Opening browser 'chrome' to base url 'https://schoolar.rynparin.dev/register'.</msg>
<status status="PASS" starttime="20230425 21:57:27.118" endtime="20230425 21:57:29.077"/>
</kw>
<kw name="Maximize Browser Window" library="SeleniumLibrary">
<doc>Maximizes current browser window.</doc>
<status status="PASS" starttime="20230425 21:57:29.077" endtime="20230425 21:57:29.214"/>
</kw>
<kw name="Wait Until Page Contains Element" library="SeleniumLibrary">
<arg>name:username</arg>
<doc>Waits until the element ``locator`` appears on the current page.</doc>
<status status="PASS" starttime="20230425 21:57:29.214" endtime="20230425 21:57:30.345"/>
</kw>
<status status="PASS" starttime="20230425 21:57:27.117" endtime="20230425 21:57:30.345"/>
</kw>
<kw name="Input and verify username" library="commonKeywords">
<arg>Student123</arg>
<kw name="Input Text" library="SeleniumLibrary">
<arg>name:username</arg>
<arg>${input_username}</arg>
<doc>Types the given ``text`` into the text field identified by ``locator``.</doc>
<msg timestamp="20230425 21:57:30.349" level="INFO">Typing text 'Student123' into text field 'name:username'.</msg>
<status status="PASS" starttime="20230425 21:57:30.347" endtime="20230425 21:57:30.594"/>
</kw>
<kw name="Get Value" library="SeleniumLibrary">
<var>${username}</var>
<arg>name:username</arg>
<doc>Returns the value attribute of the element identified by ``locator``.</doc>
<msg timestamp="20230425 21:57:30.628" level="INFO">${username} = Student123</msg>
<status status="PASS" starttime="20230425 21:57:30.594" endtime="20230425 21:57:30.628"/>
</kw>
<kw name="Should Be Equal" library="BuiltIn">
<arg>${username}</arg>
<arg>${input_username}</arg>
<doc>Fails if the given objects are unequal.</doc>
<status status="PASS" starttime="20230425 21:57:30.628" endtime="20230425 21:57:30.629"/>
</kw>
<status status="PASS" starttime="20230425 21:57:30.346" endtime="20230425 21:57:30.629"/>
</kw>
<kw name="Input and verify Email" library="commonKeywords">
<arg>student123@hotmail.com</arg>
<kw name="Input Text" library="SeleniumLibrary">
<arg>name:email</arg>
<arg>${input_email}</arg>
<doc>Types the given ``text`` into the text field identified by ``locator``.</doc>
<msg timestamp="20230425 21:57:30.631" level="INFO">Typing text 'student123@hotmail.com' into text field 'name:email'.</msg>
<status status="PASS" starttime="20230425 21:57:30.630" endtime="20230425 21:57:30.888"/>
</kw>
<kw name="Get Value" library="SeleniumLibrary">
<var>${email}</var>
<arg>name:email</arg>
[...]
<arg>name:email</arg>
<arg>${input_email}</arg>
<doc>Types the given ``text`` into the text field identified by ``locator``.</doc>
<msg timestamp="20230425 21:58:10.843" level="INFO">Typing text 'student123@hotmail.com' into text field 'name:email'.</msg>
<status status="PASS" starttime="20230425 21:58:10.842" endtime="20230425 21:58:11.102"/>
</kw>
<kw name="Get Value" library="SeleniumLibrary">
<var>${email}</var>
<arg>name:email</arg>
<doc>Returns the value attribute of the element identified by ``locator``.</doc>
<msg timestamp="20230425 21:58:11.143" level="INFO">${email} = student123@hotmail.com</msg>
<status status="PASS" starttime="20230425 21:58:11.102" endtime="20230425 21:58:11.143"/>
</kw>
<kw name="Should Be Equal" library="BuiltIn">
<arg>${email}</arg>
<arg>${input_email}</arg>
<doc>Fails if the given objects are unequal.</doc>
<status status="PASS" starttime="20230425 21:58:11.143" endtime="20230425 21:58:11.143"/>
</kw>
<status status="PASS" starttime="20230425 21:58:10.841" endtime="20230425 21:58:11.144"/>
</kw>
<kw name="Input and verify Password" library="commonKeywords">
<arg>Student123</arg>
<kw name="Input Text" library="SeleniumLibrary">
<arg>name:password</arg>
<arg>${input_password}</arg>
<doc>Types the given ``text`` into the text field identified by ``locator``.</doc>
<msg timestamp="20230425 21:58:11.145" level="INFO">Typing text 'Student123' into text field 'name:password'.</msg>
<status status="PASS" starttime="20230425 21:58:11.144" endtime="20230425 21:58:11.279"/>
</kw>
<kw name="Get Value" library="SeleniumLibrary">
<var>${password}</var>
<arg>name:password</arg>
<doc>Returns the value attribute of the element identified by ``locator``.</doc>
<msg timestamp="20230425 21:58:11.300" level="INFO">${password} = Student123</msg>
<status status="PASS" starttime="20230425 21:58:11.279" endtime="20230425 21:58:11.300"/>
</kw>
<kw name="Should Be Equal" library="BuiltIn">
<arg>${password}</arg>
<arg>${input_password}</arg>
<doc>Fails if the given objects are unequal.</doc>
<status status="PASS" starttime="20230425 21:58:11.301" endtime="20230425 21:58:11.301"/>
</kw>
<status status="PASS" starttime="20230425 21:58:11.144" endtime="20230425 21:58:11.301"/>
</kw>
<kw name="Input and verify Confirm Password" library="commonKeywords">
<arg>Student123</arg>
<kw name="Input Text" library="SeleniumLibrary">
<arg>name:cfpassword</arg>
<arg>${input_confirm_password}</arg>
<doc>Types the given ``text`` into the text field identified by ``locator``.</doc>
<msg timestamp="20230425 21:58:11.303" level="INFO">Typing text 'Student123' into text field 'name:cfpassword'.</msg>
<status status="PASS" starttime="20230425 21:58:11.302" endtime="20230425 21:58:11.433"/>
</kw>
<kw name="Get Value" library="SeleniumLibrary">
<var>${confirm_password}</var>
<arg>name:cfpassword</arg>
<doc>Returns the value attribute of the element identified by ``locator``.</doc>
<msg timestamp="20230425 21:58:11.457" level="INFO">${confirm_password} = Student123</msg>
<status status="PASS" starttime="20230425 21:58:11.433" endtime="20230425 21:58:11.457"/>
</kw>
<kw name="Should Be Equal" library="BuiltIn">
<arg>${confirm_password}</arg>
<arg>${input_confirm_password}</arg>
<doc>Fails if the given objects are unequal.</doc>
<status status="PASS" starttime="20230425 21:58:11.457" endtime="20230425 21:58:11.458"/>
</kw>
<status status="PASS" starttime="20230425 21:58:11.302" endtime="20230425 21:58:11.458"/>
</kw>
<kw name="Click register as student" library="commonKeywords">
<kw name="Wait Until Element Is Visible" library="SeleniumLibrary">
<arg>xpath=//button[contains(@class, 'MuiButton-containedPrimary') and contains(text(), 'Register as Student')]</arg>
<doc>Waits until the element ``locator`` is visible.</doc>
<status status="PASS" starttime="20230425 21:58:11.459" endtime="20230425 21:58:11.489"/>
</kw>
<kw name="Click Button" library="SeleniumLibrary">
<arg>xpath=//button[contains(@class, 'MuiButton-containedPrimary') and contains(text(), 'Register as Student')]</arg>
<doc>Clicks the button identified by ``locator``.</doc>
<msg timestamp="20230425 21:58:11.490" level="INFO">Clicking button 'xpath=//button[contains(@class, 'MuiButton-containedPrimary') and contains(text(), 'Register as Student')]'.</msg>
<status status="PASS" starttime="20230425 21:58:11.489" endtime="20230425 21:58:11.578"/>
</kw>
<status status="PASS" starttime="20230425 21:58:11.458" endtime="20230425 21:58:11.579"/>
</kw>
<kw name="Input and verify firstname" library="commonKeywords">
<arg>Student</arg>
<kw name="Input Text" library="SeleniumLibrary">
<arg>name:firstName</arg>
<arg>${input_firstname}</arg>
<doc>Types the given ``text`` into the text field identified by ``locator``.</doc>
<msg timestamp="20230425 21:58:11.580" level="INFO">Typing text 'Student' into text field 'name:firstName'.</msg>
<msg timestamp="20230425 21:58:12.091" level="INFO" html="true">&lt;/td&gt;&lt;/tr&gt;&lt;tr&gt;&lt;td colspan="3"&gt;&lt;a href="selenium-screenshot-8.png"&gt;&lt;img src="selenium-screenshot-8.png" width="800px"&gt;&lt;/a&gt;</msg>
<msg timestamp="20230425 21:58:12.092" level="FAIL">Element with locator 'name:firstName' not found.</msg>
<status status="FAIL" starttime="20230425 21:58:11.580" endtime="20230425 21:58:12.092"/>
</kw>
<kw name="Get Value" library="SeleniumLibrary">
<var>${firstname}</var>
<arg>name:firstName</arg>
<doc>Returns the value attribute of the element identified by ``locator``.</doc>
<status status="NOT RUN" starttime="20230425 21:58:12.092" endtime="20230425 21:58:12.092"/>
</kw>
<kw name="Should Be Equal" library="BuiltIn">
<arg>${firstname}</arg>
<arg>${input_firstname}</arg>
<doc>Fails if the given objects are unequal.</doc>
<status status="NOT RUN" starttime="20230425 21:58:12.093" endtime="20230425 21:58:12.093"/>
</kw>
<status status="FAIL" starttime="20230425 21:58:11.579" endtime="20230425 21:58:12.093"/>
</kw>
<kw name="Input and verify lastname" library="commonKeywords">
<arg>Student</arg>
<status status="NOT RUN" starttime="20230425 21:58:12.094" endtime="20230425 21:58:12.094"/>
</kw>
<kw name="Input and verify birthdate" library="commonKeywords">
<arg>21/04/2002</arg>
<status status="NOT RUN" starttime="20230425 21:58:12.094" endtime="20230425 21:58:12.094"/>
</kw>
<kw name="Input and verify gender" library="commonKeywords">
<arg>Male</arg>
<status status="NOT RUN" starttime="20230425 21:58:12.095" endtime="20230425 21:58:12.095"/>
</kw>
<kw name="Input and verify phoneNumber" library="commonKeywords">
<arg>0123456789</arg>
<status status="NOT RUN" starttime="20230425 21:58:12.095" endtime="20230425 21:58:12.096"/>
</kw>
<kw name="Click next" library="commonKeywords">
<status status="NOT RUN" starttime="20230425 21:58:12.096" endtime="20230425 21:58:12.096"/>
</kw>
<kw name="Input and verify gpax" library="commonKeywords">
<arg>1.23</arg>
<status status="NOT RUN" starttime="20230425 21:58:12.097" endtime="20230425 21:58:12.097"/>
</kw>
<kw name="Input and verify school" library="commonKeywords">
<arg>sssssssssssssssssssssssssssssssssssssssssssssssssssssssssssssssssssssssssssssssssssssssssssssssssssss</arg>
<status status="NOT RUN" starttime="20230425 21:58:12.097" endtime="20230425 21:58:12.097"/>
</kw>
<kw name="Input and verify targetNation" library="commonKeywords">
<arg>Thailand</arg>
<status status="NOT RUN" starttime="20230425 21:58:12.098" endtime="20230425 21:58:12.098"/>
</kw>
<kw name="Input and verify fieldOfInterest" library="commonKeywords">
<arg>sssssssssssssssssssssssssssssssssssssssssssssssssssssssssssssssssssssssssssssssssssssssssssssssssssss</arg>
<status status="NOT RUN" starttime="20230425 21:58:12.098" endtime="20230425 21:58:12.098"/>
</kw>
<kw name="Verify school display error message" library="commonKeywords">
<arg>${LONG_SCHOOL_UNIVERSITY_ERROR}</arg>
<status status="NOT RUN" starttime="20230425 21:58:12.099" endtime="20230425 21:58:12.099"/>
</kw>
<kw name="Verify fieldOfInterest display error message" library="commonKeywords">
<arg>${LONG_FIELD_OF_INTEREST_ERROR}</arg>
<status status="NOT RUN" starttime="20230425 21:58:12.099" endtime="20230425 21:58:12.100"/>
</kw>
<kw name="Close All Browsers" library="SeleniumLibrary" type="TEARDOWN">
<doc>Closes all open browsers and resets the browser cache.</doc>
<status status="PASS" starttime="20230425 21:58:12.100" endtime="20230425 21:58:18.411"/>
</kw>
<status status="FAIL" starttime="20230425 21:58:08.292" endtime="20230425 21:58:18.412">Element with locator 'name:firstName' not found.</status>
</test>
<test id="s1-t14" name="TC1-15" line="274">
<kw name="Open registration page" library="commonKeywords">
<kw name="Open Browser" library="SeleniumLibrary">
<arg>${WEB_URL}</arg>
<arg>${WEB_BROWSER}</arg>
<doc>Opens a new browser instance to the optional ``url``.</doc>
<msg timestamp="20230425 21:58:18.417" level="INFO">Opening browser 'chrome' to base url 'https://schoolar.rynparin.dev/register'.</msg>
<status status="PASS" starttime="20230425 21:58:18.416" endtime="20230425 21:58:20.358"/>
</kw>
<kw name="Maximize Browser Window" library="SeleniumLibrary">
<doc>Maximizes current browser window.</doc>
<status status="PASS" starttime="20230425 21:58:20.360" endtime="20230425 21:58:20.533"/>
</kw>
<kw name="Wait Until Page Contains Element" library="SeleniumLibrary">
<arg>name:username</arg>
<doc>Waits until the element ``locator`` appears on the current page.</doc>
<status status="PASS" starttime="20230425 21:58:20.533" endtime="20230425 21:58:20.568"/>
</kw>
<status status="PASS" starttime="20230425 21:58:18.415" endtime="20230425 21:58:20.568"/>
</kw>
<kw name="Input and verify username" library="commonKeywords">
<arg>Student123</arg>
<kw name="Input Text" library="SeleniumLibrary">
<arg>name:username</arg>
<arg>${input_username}</arg>
<doc>Types the given ``text`` into the text field identified by ``locator``.</doc>
<msg timestamp="20230425 21:58:20.570" level="INFO">Typing text 'Student123' into text field 'name:username'.</msg>
<status status="PASS" starttime="20230425 21:58:20.569" endtime="20230425 21:58:20.807"/>
</kw>
<kw name="Get Value" library="SeleniumLibrary">
<var>${username}</var>
<arg>name:username</arg>
<doc>Returns the value attribute of the element identified by ``locator``.</doc>
<msg timestamp="20230425 21:58:20.842" level="INFO">${username} = Student123</msg>
<status status="PASS" starttime="20230425 21:58:20.808" endtime="20230425 21:58:20.842"/>
</kw>
<kw name="Should Be Equal" library="BuiltIn">
<arg>${username}</arg>
<arg>${input_username}</arg>
<doc>Fails if the given objects are unequal.</doc>
<status status="PASS" starttime="20230425 21:58:20.843" endtime="20230425 21:58:20.843"/>
</kw>
<status status="PASS" starttime="20230425 21:58:20.569" endtime="20230425 21:58:20.843"/>
</kw>
<kw name="Input and verify Email" library="commonKeywords">
<arg>student123@hotmail.com</arg>
<kw name="Input Text" library="SeleniumLibrary">
<arg>name:email</arg>
<arg>${input_email}</arg>
<doc>Types the given ``text`` into the text field identified by ``locator``.</doc>
<msg timestamp="20230425 21:58:20.845" level="INFO">Typing text 'student123@hotmail.com' into text field 'name:email'.</msg>
<status status="PASS" starttime="20230425 21:58:20.845" endtime="20230425 21:58:21.085"/>
</kw>
<kw name="Get Value" library="SeleniumLibrary">
<var>${email}</var>
<arg>name:email</arg>
<doc>Returns the value attribute of the element identified by ``locator``.</doc>
<msg timestamp="20230425 21:58:21.130" level="INFO">${email} = student123@hotmail.com</msg>
<status status="PASS" starttime="20230425 21:58:21.085" endtime="20230425 21:58:21.130"/>
</kw>
<kw name="Should Be Equal" library="BuiltIn">
<arg>${email}</arg>
<arg>${input_email}</arg>
<doc>Fails if the given objects are unequal.</doc>
<status status="PASS" starttime="20230425 21:58:21.130" endtime="20230425 21:58:21.131"/>
</kw>
<status status="PASS" starttime="20230425 21:58:20.844" endtime="20230425 21:58:21.131"/>
</kw>
<kw name="Input and verify Password" library="commonKeywords">
<arg>Student123</arg>
<kw name="Input Text" library="SeleniumLibrary">
<arg>name:password</arg>
<arg>${input_password}</arg>
<doc>Types the given ``text`` into the text field identified by ``locator``.</doc>
<msg timestamp="20230425 21:58:21.132" level="INFO">Typing text 'Student123' into text field 'name:password'.</msg>
<status status="PASS" starttime="20230425 21:58:21.132" endtime="20230425 21:58:21.285"/>
</kw>
<kw name="Get Value" library="SeleniumLibrary">
<var>${password}</var>
<arg>name:password</arg>
<doc>Returns the value attribute of the element identified by ``locator``.</doc>
<msg timestamp="20230425 21:58:21.308" level="INFO">${password} = Student123</msg>
<status status="PASS" starttime="20230425 21:58:21.285" endtime="20230425 21:58:21.308"/>
</kw>
<kw name="Should Be Equal" library="BuiltIn">
<arg>${password}</arg>
<arg>${input_password}</arg>
<doc>Fails if the given objects are unequal.</doc>
<status status="PASS" starttime="20230425 21:58:21.308" endtime="20230425 21:58:21.308"/>
</kw>
<status status="PASS" starttime="20230425 21:58:21.131" endtime="20230425 21:58:21.308"/>
</kw>
<kw name="Input and verify Confirm Password" library="commonKeywords">
<arg>Student123</arg>
<kw name="Input Text" library="SeleniumLibrary">
<arg>name:cfpassword</arg>
<arg>${input_confirm_password}</arg>
<doc>Types the given ``text`` into the text field identified by ``locator``.</doc>
<msg timestamp="20230425 21:58:21.310" level="INFO">Typing text 'Student123' into text field 'name:cfpassword'.</msg>
<status status="PASS" starttime="20230425 21:58:21.310" endtime="20230425 21:58:21.449"/>
</kw>
<kw name="Get Value" library="SeleniumLibrary">
<var>${confirm_password}</var>
<arg>name:cfpassword</arg>
<doc>Returns the value attribute of the element identified by ``locator``.</doc>
<msg timestamp="20230425 21:58:21.472" level="INFO">${confirm_password} = Student123</msg>
<status status="PASS" starttime="20230425 21:58:21.450" endtime="20230425 21:58:21.472"/>
</kw>
<kw name="Should Be Equal" library="BuiltIn">
<arg>${confirm_password}</arg>
<arg>${input_confirm_password}</arg>
<doc>Fails if the given objects are unequal.</doc>
<status status="PASS" starttime="20230425 21:58:21.472" endtime="20230425 21:58:21.472"/>
</kw>
<status status="PASS" starttime="20230425 21:58:21.309" endtime="20230425 21:58:21.472"/>
</kw>
<kw name="Click register as student" library="commonKeywords">
<kw name="Wait Until Element Is Visible" library="SeleniumLibrary">
<arg>xpath=//button[contains(@class, 'MuiButton-containedPrimary') and contains(text(), 'Register as Student')]</arg>
<doc>Waits until the element ``locator`` is visible.</doc>
<status status="PASS" starttime="20230425 21:58:21.473" endtime="20230425 21:58:21.505"/>
</kw>
<kw name="Click Button" library="SeleniumLibrary">
<arg>xpath=//button[contains(@class, 'MuiButton-containedPrimary') and contains(text(), 'Register as Student')]</arg>
<doc>Clicks the button identified by ``locator``.</doc>
<msg timestamp="20230425 21:58:21.506" level="INFO">Clicking button 'xpath=//button[contains(@class, 'MuiButton-containedPrimary') and contains(text(), 'Register as Student')]'.</msg>
<status status="PASS" starttime="20230425 21:58:21.506" endtime="20230425 21:58:21.591"/>
</kw>
<status status="PASS" starttime="20230425 21:58:21.473" endtime="20230425 21:58:21.592"/>
</kw>
<kw name="Input and verify firstname" library="commonKeywords">
<arg>Student</arg>
<kw name="Input Text" library="SeleniumLibrary">
<arg>name:firstName</arg>
<arg>${input_firstname}</arg>
<doc>Types the given ``text`` into the text field identified by ``locator``.</doc>
<msg timestamp="20230425 21:58:21.594" level="INFO">Typing text 'Student' into text field 'name:firstName'.</msg>
<msg timestamp="20230425 21:58:22.125" level="INFO" html="true">&lt;/td&gt;&lt;/tr&gt;&lt;tr&gt;&lt;td colspan="3"&gt;&lt;a href="selenium-screenshot-9.png"&gt;&lt;img src="selenium-screenshot-9.png" width="800px"&gt;&lt;/a&gt;</msg>
<msg timestamp="20230425 21:58:22.125" level="FAIL">Element with locator 'name:firstName' not found.</msg>
<status status="FAIL" starttime="20230425 21:58:21.593" endtime="20230425 21:58:22.126"/>
</kw>
<kw name="Get Value" library="SeleniumLibrary">
<var>${firstname}</var>
<arg>name:firstName</arg>
<doc>Returns the value attribute of the element identified by ``locator``.</doc>
<status status="NOT RUN" starttime="20230425 21:58:22.126" endtime="20230425 21:58:22.126"/>
</kw>
<kw name="Should Be Equal" library="BuiltIn">
<arg>${firstname}</arg>
<arg>${input_firstname}</arg>
<doc>Fails if the given objects are unequal.</doc>
<status status="NOT RUN" starttime="20230425 21:58:22.126" endtime="20230425 21:58:22.126"/>
</kw>
<status status="FAIL" starttime="20230425 21:58:21.592" endtime="20230425 21:58:22.127"/>
</kw>
<kw name="Input and verify lastname" library="commonKeywords">
<arg>Student</arg>
<status status="NOT RUN" starttime="20230425 21:58:22.129" endtime="20230425 21:58:22.129"/>
</kw>
<kw name="Input and verify birthdate" library="commonKeywords">
<arg>21/04/2002</arg>
<status status="NOT RUN" starttime="20230425 21:58:22.129" endtime="20230425 21:58:22.129"/>
</kw>
<kw name="Input and verify gender" library="commonKeywords">
<arg>Male</arg>
<status status="NOT RUN" starttime="20230425 21:58:22.130" endtime="20230425 21:58:22.130"/>
</kw>
<kw name="Input and verify phoneNumber" library="commonKeywords">
<arg>0123456789</arg>
<status status="NOT RUN" starttime="20230425 21:58:22.130" endtime="20230425 21:58:22.130"/>
</kw>
<kw name="Click next" library="commonKeywords">
<status status="NOT RUN" starttime="20230425 21:58:22.131" endtime="20230425 21:58:22.131"/>
</kw>
<kw name="Input and verify gpax" library="commonKeywords">
<arg>-1.23</arg>
<status status="NOT RUN" starttime="20230425 21:58:22.131" endtime="20230425 21:58:22.131"/>
</kw>
<kw name="Input and verify school" library="commonKeywords">
<arg>sssssssssssssssssssssssssssssssssssssssssssssssssssssssssssssssssssssssssssssssssssssssssssssssssssss</arg>
<status status="NOT RUN" starttime="20230425 21:58:22.131" endtime="20230425 21:58:22.131"/>
</kw>
<kw name="Input and verify targetNation" library="commonKeywords">
<arg>Thailand</arg>
<status status="NOT RUN" starttime="20230425 21:58:22.132" endtime="20230425 21:58:22.132"/>
</kw>
<kw name="Input and verify fieldOfInterest" library="commonKeywords">
<arg>sssssssssssssssssssssssssssssssssssssssssssssssssssssssssssssssssssssssssssssssssssssssssssssssssssss</arg>
<status status="NOT RUN" starttime="20230425 21:58:22.132" endtime="20230425 21:58:22.132"/>
</kw>
<kw name="Verify gpax display error message" library="commonKeywords">
<arg>${NEGATIVE_GPAX_ERROR}</arg>
<status status="NOT RUN" starttime="20230425 21:58:22.133" endtime="20230425 21:58:22.133"/>
</kw>
<kw name="Verify school display error message" library="commonKeywords">
<arg>${LONG_SCHOOL_UNIVERSITY_ERROR}</arg>
<status status="NOT RUN" starttime="20230425 21:58:22.133" endtime="20230425 21:58:22.133"/>
</kw>
<kw name="Verify fieldOfInterest display error message" library="commonKeywords">
<arg>${LONG_FIELD_OF_INTEREST_ERROR}</arg>
<status status="NOT RUN" starttime="20230425 21:58:22.134" endtime="20230425 21:58:22.134"/>
</kw>
<kw name="Close All Browsers" library="SeleniumLibrary" type="TEARDOWN">
<doc>Closes all open browsers and resets the browser cache.</doc>
<status status="PASS" starttime="20230425 21:58:22.134" endtime="20230425 21:58:28.532"/>
</kw>
<status status="FAIL" starttime="20230425 21:58:18.414" endtime="20230425 21:58:28.533">Element with locator 'name:firstName' not found.</status>
</test>
<status status="FAIL" starttime="20230425 21:56:06.774" endtime="20230425 21:58:28.537"/>
</suite>
<statistics>
<total>
<stat pass="5" fail="9" skip="0">All Tests</stat>
</total>
<tag>
</tag>
<suite>
<stat pass="5" fail="9" skip="0" id="s1" name="Register-Student">Register-Student</stat>
</suite>
</statistics>
<errors>
</errors>
</robot>
